#--- CStat::print_data() ---
#- Samples: 0
#- Out of range samples: 0
#- Min: 0
#- Max: 200
#- Bins: 2000
#- Delta: 0.1
#- Average: -nan
0 0 -nan
0.1 0 -nan
0.2 0 -nan
0.3 0 -nan
0.4 0 -nan
0.5 0 -nan
0.6 0 -nan
0.7 0 -nan
0.8 0 -nan
0.9 0 -nan
1 0 -nan
1.1 0 -nan
1.2 0 -nan
1.3 0 -nan
1.4 0 -nan
1.5 0 -nan
1.6 0 -nan
1.7 0 -nan
1.8 0 -nan
1.9 0 -nan
2 0 -nan
2.1 0 -nan
2.2 0 -nan
2.3 0 -nan
2.4 0 -nan
2.5 0 -nan
2.6 0 -nan
2.7 0 -nan
2.8 0 -nan
2.9 0 -nan
3 0 -nan
3.1 0 -nan
3.2 0 -nan
3.3 0 -nan
3.4 0 -nan
3.5 0 -nan
3.6 0 -nan
3.7 0 -nan
3.8 0 -nan
3.9 0 -nan
4 0 -nan
4.1 0 -nan
4.2 0 -nan
4.3 0 -nan
4.4 0 -nan
4.5 0 -nan
4.6 0 -nan
4.7 0 -nan
4.8 0 -nan
4.9 0 -nan
5 0 -nan
5.1 0 -nan
5.2 0 -nan
5.3 0 -nan
5.4 0 -nan
5.5 0 -nan
5.6 0 -nan
5.7 0 -nan
5.8 0 -nan
5.9 0 -nan
6 0 -nan
6.1 0 -nan
6.2 0 -nan
6.3 0 -nan
6.4 0 -nan
6.5 0 -nan
6.6 0 -nan
6.7 0 -nan
6.8 0 -nan
6.9 0 -nan
7 0 -nan
7.1 0 -nan
7.2 0 -nan
7.3 0 -nan
7.4 0 -nan
7.5 0 -nan
7.6 0 -nan
7.7 0 -nan
7.8 0 -nan
7.9 0 -nan
8 0 -nan
8.1 0 -nan
8.2 0 -nan
8.3 0 -nan
8.4 0 -nan
8.5 0 -nan
8.6 0 -nan
8.7 0 -nan
8.8 0 -nan
8.9 0 -nan
9 0 -nan
9.1 0 -nan
9.2 0 -nan
9.3 0 -nan
9.4 0 -nan
9.5 0 -nan
9.6 0 -nan
9.7 0 -nan
9.8 0 -nan
9.9 0 -nan
10 0 -nan
10.1 0 -nan
10.2 0 -nan
10.3 0 -nan
10.4 0 -nan
10.5 0 -nan
10.6 0 -nan
10.7 0 -nan
10.8 0 -nan
10.9 0 -nan
11 0 -nan
11.1 0 -nan
11.2 0 -nan
11.3 0 -nan
11.4 0 -nan
11.5 0 -nan
11.6 0 -nan
11.7 0 -nan
11.8 0 -nan
11.9 0 -nan
12 0 -nan
12.1 0 -nan
12.2 0 -nan
12.3 0 -nan
12.4 0 -nan
12.5 0 -nan
12.6 0 -nan
12.7 0 -nan
12.8 0 -nan
12.9 0 -nan
13 0 -nan
13.1 0 -nan
13.2 0 -nan
13.3 0 -nan
13.4 0 -nan
13.5 0 -nan
13.6 0 -nan
13.7 0 -nan
13.8 0 -nan
13.9 0 -nan
14 0 -nan
14.1 0 -nan
14.2 0 -nan
14.3 0 -nan
14.4 0 -nan
14.5 0 -nan
14.6 0 -nan
14.7 0 -nan
14.8 0 -nan
14.9 0 -nan
15 0 -nan
15.1 0 -nan
15.2 0 -nan
15.3 0 -nan
15.4 0 -nan
15.5 0 -nan
15.6 0 -nan
15.7 0 -nan
15.8 0 -nan
15.9 0 -nan
16 0 -nan
16.1 0 -nan
16.2 0 -nan
16.3 0 -nan
16.4 0 -nan
16.5 0 -nan
16.6 0 -nan
16.7 0 -nan
16.8 0 -nan
16.9 0 -nan
17 0 -nan
17.1 0 -nan
17.2 0 -nan
17.3 0 -nan
17.4 0 -nan
17.5 0 -nan
17.6 0 -nan
17.7 0 -nan
17.8 0 -nan
17.9 0 -nan
18 0 -nan
18.1 0 -nan
18.2 0 -nan
18.3 0 -nan
18.4 0 -nan
18.5 0 -nan
18.6 0 -nan
18.7 0 -nan
18.8 0 -nan
18.9 0 -nan
19 0 -nan
19.1 0 -nan
19.2 0 -nan
19.3 0 -nan
19.4 0 -nan
19.5 0 -nan
19.6 0 -nan
19.7 0 -nan
19.8 0 -nan
19.9 0 -nan
20 0 -nan
20.1 0 -nan
20.2 0 -nan
20.3 0 -nan
20.4 0 -nan
20.5 0 -nan
20.6 0 -nan
20.7 0 -nan
20.8 0 -nan
20.9 0 -nan
21 0 -nan
21.1 0 -nan
21.2 0 -nan
21.3 0 -nan
21.4 0 -nan
21.5 0 -nan
21.6 0 -nan
21.7 0 -nan
21.8 0 -nan
21.9 0 -nan
22 0 -nan
22.1 0 -nan
22.2 0 -nan
22.3 0 -nan
22.4 0 -nan
22.5 0 -nan
22.6 0 -nan
22.7 0 -nan
22.8 0 -nan
22.9 0 -nan
23 0 -nan
23.1 0 -nan
23.2 0 -nan
23.3 0 -nan
23.4 0 -nan
23.5 0 -nan
23.6 0 -nan
23.7 0 -nan
23.8 0 -nan
23.9 0 -nan
24 0 -nan
24.1 0 -nan
24.2 0 -nan
24.3 0 -nan
24.4 0 -nan
24.5 0 -nan
24.6 0 -nan
24.7 0 -nan
24.8 0 -nan
24.9 0 -nan
25 0 -nan
25.1 0 -nan
25.2 0 -nan
25.3 0 -nan
25.4 0 -nan
25.5 0 -nan
25.6 0 -nan
25.7 0 -nan
25.8 0 -nan
25.9 0 -nan
26 0 -nan
26.1 0 -nan
26.2 0 -nan
26.3 0 -nan
26.4 0 -nan
26.5 0 -nan
26.6 0 -nan
26.7 0 -nan
26.8 0 -nan
26.9 0 -nan
27 0 -nan
27.1 0 -nan
27.2 0 -nan
27.3 0 -nan
27.4 0 -nan
27.5 0 -nan
27.6 0 -nan
27.7 0 -nan
27.8 0 -nan
27.9 0 -nan
28 0 -nan
28.1 0 -nan
28.2 0 -nan
28.3 0 -nan
28.4 0 -nan
28.5 0 -nan
28.6 0 -nan
28.7 0 -nan
28.8 0 -nan
28.9 0 -nan
29 0 -nan
29.1 0 -nan
29.2 0 -nan
29.3 0 -nan
29.4 0 -nan
29.5 0 -nan
29.6 0 -nan
29.7 0 -nan
29.8 0 -nan
29.9 0 -nan
30 0 -nan
30.1 0 -nan
30.2 0 -nan
30.3 0 -nan
30.4 0 -nan
30.5 0 -nan
30.6 0 -nan
30.7 0 -nan
30.8 0 -nan
30.9 0 -nan
31 0 -nan
31.1 0 -nan
31.2 0 -nan
31.3 0 -nan
31.4 0 -nan
31.5 0 -nan
31.6 0 -nan
31.7 0 -nan
31.8 0 -nan
31.9 0 -nan
32 0 -nan
32.1 0 -nan
32.2 0 -nan
32.3 0 -nan
32.4 0 -nan
32.5 0 -nan
32.6 0 -nan
32.7 0 -nan
32.8 0 -nan
32.9 0 -nan
33 0 -nan
33.1 0 -nan
33.2 0 -nan
33.3 0 -nan
33.4 0 -nan
33.5 0 -nan
33.6 0 -nan
33.7 0 -nan
33.8 0 -nan
33.9 0 -nan
34 0 -nan
34.1 0 -nan
34.2 0 -nan
34.3 0 -nan
34.4 0 -nan
34.5 0 -nan
34.6 0 -nan
34.7 0 -nan
34.8 0 -nan
34.9 0 -nan
35 0 -nan
35.1 0 -nan
35.2 0 -nan
35.3 0 -nan
35.4 0 -nan
35.5 0 -nan
35.6 0 -nan
35.7 0 -nan
35.8 0 -nan
35.9 0 -nan
36 0 -nan
36.1 0 -nan
36.2 0 -nan
36.3 0 -nan
36.4 0 -nan
36.5 0 -nan
36.6 0 -nan
36.7 0 -nan
36.8 0 -nan
36.9 0 -nan
37 0 -nan
37.1 0 -nan
37.2 0 -nan
37.3 0 -nan
37.4 0 -nan
37.5 0 -nan
37.6 0 -nan
37.7 0 -nan
37.8 0 -nan
37.9 0 -nan
38 0 -nan
38.1 0 -nan
38.2 0 -nan
38.3 0 -nan
38.4 0 -nan
38.5 0 -nan
38.6 0 -nan
38.7 0 -nan
38.8 0 -nan
38.9 0 -nan
39 0 -nan
39.1 0 -nan
39.2 0 -nan
39.3 0 -nan
39.4 0 -nan
39.5 0 -nan
39.6 0 -nan
39.7 0 -nan
39.8 0 -nan
39.9 0 -nan
40 0 -nan
40.1 0 -nan
40.2 0 -nan
40.3 0 -nan
40.4 0 -nan
40.5 0 -nan
40.6 0 -nan
40.7 0 -nan
40.8 0 -nan
40.9 0 -nan
41 0 -nan
41.1 0 -nan
41.2 0 -nan
41.3 0 -nan
41.4 0 -nan
41.5 0 -nan
41.6 0 -nan
41.7 0 -nan
41.8 0 -nan
41.9 0 -nan
42 0 -nan
42.1 0 -nan
42.2 0 -nan
42.3 0 -nan
42.4 0 -nan
42.5 0 -nan
42.6 0 -nan
42.7 0 -nan
42.8 0 -nan
42.9 0 -nan
43 0 -nan
43.1 0 -nan
43.2 0 -nan
43.3 0 -nan
43.4 0 -nan
43.5 0 -nan
43.6 0 -nan
43.7 0 -nan
43.8 0 -nan
43.9 0 -nan
44 0 -nan
44.1 0 -nan
44.2 0 -nan
44.3 0 -nan
44.4 0 -nan
44.5 0 -nan
44.6 0 -nan
44.7 0 -nan
44.8 0 -nan
44.9 0 -nan
45 0 -nan
45.1 0 -nan
45.2 0 -nan
45.3 0 -nan
45.4 0 -nan
45.5 0 -nan
45.6 0 -nan
45.7 0 -nan
45.8 0 -nan
45.9 0 -nan
46 0 -nan
46.1 0 -nan
46.2 0 -nan
46.3 0 -nan
46.4 0 -nan
46.5 0 -nan
46.6 0 -nan
46.7 0 -nan
46.8 0 -nan
46.9 0 -nan
47 0 -nan
47.1 0 -nan
47.2 0 -nan
47.3 0 -nan
47.4 0 -nan
47.5 0 -nan
47.6 0 -nan
47.7 0 -nan
47.8 0 -nan
47.9 0 -nan
48 0 -nan
48.1 0 -nan
48.2 0 -nan
48.3 0 -nan
48.4 0 -nan
48.5 0 -nan
48.6 0 -nan
48.7 0 -nan
48.8 0 -nan
48.9 0 -nan
49 0 -nan
49.1 0 -nan
49.2 0 -nan
49.3 0 -nan
49.4 0 -nan
49.5 0 -nan
49.6 0 -nan
49.7 0 -nan
49.8 0 -nan
49.9 0 -nan
50 0 -nan
50.1 0 -nan
50.2 0 -nan
50.3 0 -nan
50.4 0 -nan
50.5 0 -nan
50.6 0 -nan
50.7 0 -nan
50.8 0 -nan
50.9 0 -nan
51 0 -nan
51.1 0 -nan
51.2 0 -nan
51.3 0 -nan
51.4 0 -nan
51.5 0 -nan
51.6 0 -nan
51.7 0 -nan
51.8 0 -nan
51.9 0 -nan
52 0 -nan
52.1 0 -nan
52.2 0 -nan
52.3 0 -nan
52.4 0 -nan
52.5 0 -nan
52.6 0 -nan
52.7 0 -nan
52.8 0 -nan
52.9 0 -nan
53 0 -nan
53.1 0 -nan
53.2 0 -nan
53.3 0 -nan
53.4 0 -nan
53.5 0 -nan
53.6 0 -nan
53.7 0 -nan
53.8 0 -nan
53.9 0 -nan
54 0 -nan
54.1 0 -nan
54.2 0 -nan
54.3 0 -nan
54.4 0 -nan
54.5 0 -nan
54.6 0 -nan
54.7 0 -nan
54.8 0 -nan
54.9 0 -nan
55 0 -nan
55.1 0 -nan
55.2 0 -nan
55.3 0 -nan
55.4 0 -nan
55.5 0 -nan
55.6 0 -nan
55.7 0 -nan
55.8 0 -nan
55.9 0 -nan
56 0 -nan
56.1 0 -nan
56.2 0 -nan
56.3 0 -nan
56.4 0 -nan
56.5 0 -nan
56.6 0 -nan
56.7 0 -nan
56.8 0 -nan
56.9 0 -nan
57 0 -nan
57.1 0 -nan
57.2 0 -nan
57.3 0 -nan
57.4 0 -nan
57.5 0 -nan
57.6 0 -nan
57.7 0 -nan
57.8 0 -nan
57.9 0 -nan
58 0 -nan
58.1 0 -nan
58.2 0 -nan
58.3 0 -nan
58.4 0 -nan
58.5 0 -nan
58.6 0 -nan
58.7 0 -nan
58.8 0 -nan
58.9 0 -nan
59 0 -nan
59.1 0 -nan
59.2 0 -nan
59.3 0 -nan
59.4 0 -nan
59.5 0 -nan
59.6 0 -nan
59.7 0 -nan
59.8 0 -nan
59.9 0 -nan
60 0 -nan
60.1 0 -nan
60.2 0 -nan
60.3 0 -nan
60.4 0 -nan
60.5 0 -nan
60.6 0 -nan
60.7 0 -nan
60.8 0 -nan
60.9 0 -nan
61 0 -nan
61.1 0 -nan
61.2 0 -nan
61.3 0 -nan
61.4 0 -nan
61.5 0 -nan
61.6 0 -nan
61.7 0 -nan
61.8 0 -nan
61.9 0 -nan
62 0 -nan
62.1 0 -nan
62.2 0 -nan
62.3 0 -nan
62.4 0 -nan
62.5 0 -nan
62.6 0 -nan
62.7 0 -nan
62.8 0 -nan
62.9 0 -nan
63 0 -nan
63.1 0 -nan
63.2 0 -nan
63.3 0 -nan
63.4 0 -nan
63.5 0 -nan
63.6 0 -nan
63.7 0 -nan
63.8 0 -nan
63.9 0 -nan
64 0 -nan
64.1 0 -nan
64.2 0 -nan
64.3 0 -nan
64.4 0 -nan
64.5 0 -nan
64.6 0 -nan
64.7 0 -nan
64.8 0 -nan
64.9 0 -nan
65 0 -nan
65.1 0 -nan
65.2 0 -nan
65.3 0 -nan
65.4 0 -nan
65.5 0 -nan
65.6 0 -nan
65.7 0 -nan
65.8 0 -nan
65.9 0 -nan
66 0 -nan
66.1 0 -nan
66.2 0 -nan
66.3 0 -nan
66.4 0 -nan
66.5 0 -nan
66.6 0 -nan
66.7 0 -nan
66.8 0 -nan
66.9 0 -nan
67 0 -nan
67.1 0 -nan
67.2 0 -nan
67.3 0 -nan
67.4 0 -nan
67.5 0 -nan
67.6 0 -nan
67.7 0 -nan
67.8 0 -nan
67.9 0 -nan
68 0 -nan
68.1 0 -nan
68.2 0 -nan
68.3 0 -nan
68.4 0 -nan
68.5 0 -nan
68.6 0 -nan
68.7 0 -nan
68.8 0 -nan
68.9 0 -nan
69 0 -nan
69.1 0 -nan
69.2 0 -nan
69.3 0 -nan
69.4 0 -nan
69.5 0 -nan
69.6 0 -nan
69.7 0 -nan
69.8 0 -nan
69.9 0 -nan
70 0 -nan
70.1 0 -nan
70.2 0 -nan
70.3 0 -nan
70.4 0 -nan
70.5 0 -nan
70.6 0 -nan
70.7 0 -nan
70.8 0 -nan
70.9 0 -nan
71 0 -nan
71.1 0 -nan
71.2 0 -nan
71.3 0 -nan
71.4 0 -nan
71.5 0 -nan
71.6 0 -nan
71.7 0 -nan
71.8 0 -nan
71.9 0 -nan
72 0 -nan
72.1 0 -nan
72.2 0 -nan
72.3 0 -nan
72.4 0 -nan
72.5 0 -nan
72.6 0 -nan
72.7 0 -nan
72.8 0 -nan
72.9 0 -nan
73 0 -nan
73.1 0 -nan
73.2 0 -nan
73.3 0 -nan
73.4 0 -nan
73.5 0 -nan
73.6 0 -nan
73.7 0 -nan
73.8 0 -nan
73.9 0 -nan
74 0 -nan
74.1 0 -nan
74.2 0 -nan
74.3 0 -nan
74.4 0 -nan
74.5 0 -nan
74.6 0 -nan
74.7 0 -nan
74.8 0 -nan
74.9 0 -nan
75 0 -nan
75.1 0 -nan
75.2 0 -nan
75.3 0 -nan
75.4 0 -nan
75.5 0 -nan
75.6 0 -nan
75.7 0 -nan
75.8 0 -nan
75.9 0 -nan
76 0 -nan
76.1 0 -nan
76.2 0 -nan
76.3 0 -nan
76.4 0 -nan
76.5 0 -nan
76.6 0 -nan
76.7 0 -nan
76.8 0 -nan
76.9 0 -nan
77 0 -nan
77.1 0 -nan
77.2 0 -nan
77.3 0 -nan
77.4 0 -nan
77.5 0 -nan
77.6 0 -nan
77.7 0 -nan
77.8 0 -nan
77.9 0 -nan
78 0 -nan
78.1 0 -nan
78.2 0 -nan
78.3 0 -nan
78.4 0 -nan
78.5 0 -nan
78.6 0 -nan
78.7 0 -nan
78.8 0 -nan
78.9 0 -nan
79 0 -nan
79.1 0 -nan
79.2 0 -nan
79.3 0 -nan
79.4 0 -nan
79.5 0 -nan
79.6 0 -nan
79.7 0 -nan
79.8 0 -nan
79.9 0 -nan
80 0 -nan
80.1 0 -nan
80.2 0 -nan
80.3 0 -nan
80.4 0 -nan
80.5 0 -nan
80.6 0 -nan
80.7 0 -nan
80.8 0 -nan
80.9 0 -nan
81 0 -nan
81.1 0 -nan
81.2 0 -nan
81.3 0 -nan
81.4 0 -nan
81.5 0 -nan
81.6 0 -nan
81.7 0 -nan
81.8 0 -nan
81.9 0 -nan
82 0 -nan
82.1 0 -nan
82.2 0 -nan
82.3 0 -nan
82.4 0 -nan
82.5 0 -nan
82.6 0 -nan
82.7 0 -nan
82.8 0 -nan
82.9 0 -nan
83 0 -nan
83.1 0 -nan
83.2 0 -nan
83.3 0 -nan
83.4 0 -nan
83.5 0 -nan
83.6 0 -nan
83.7 0 -nan
83.8 0 -nan
83.9 0 -nan
84 0 -nan
84.1 0 -nan
84.2 0 -nan
84.3 0 -nan
84.4 0 -nan
84.5 0 -nan
84.6 0 -nan
84.7 0 -nan
84.8 0 -nan
84.9 0 -nan
85 0 -nan
85.1 0 -nan
85.2 0 -nan
85.3 0 -nan
85.4 0 -nan
85.5 0 -nan
85.6 0 -nan
85.7 0 -nan
85.8 0 -nan
85.9 0 -nan
86 0 -nan
86.1 0 -nan
86.2 0 -nan
86.3 0 -nan
86.4 0 -nan
86.5 0 -nan
86.6 0 -nan
86.7 0 -nan
86.8 0 -nan
86.9 0 -nan
87 0 -nan
87.1 0 -nan
87.2 0 -nan
87.3 0 -nan
87.4 0 -nan
87.5 0 -nan
87.6 0 -nan
87.7 0 -nan
87.8 0 -nan
87.9 0 -nan
88 0 -nan
88.1 0 -nan
88.2 0 -nan
88.3 0 -nan
88.4 0 -nan
88.5 0 -nan
88.6 0 -nan
88.7 0 -nan
88.8 0 -nan
88.9 0 -nan
89 0 -nan
89.1 0 -nan
89.2 0 -nan
89.3 0 -nan
89.4 0 -nan
89.5 0 -nan
89.6 0 -nan
89.7 0 -nan
89.8 0 -nan
89.9 0 -nan
90 0 -nan
90.1 0 -nan
90.2 0 -nan
90.3 0 -nan
90.4 0 -nan
90.5 0 -nan
90.6 0 -nan
90.7 0 -nan
90.8 0 -nan
90.9 0 -nan
91 0 -nan
91.1 0 -nan
91.2 0 -nan
91.3 0 -nan
91.4 0 -nan
91.5 0 -nan
91.6 0 -nan
91.7 0 -nan
91.8 0 -nan
91.9 0 -nan
92 0 -nan
92.1 0 -nan
92.2 0 -nan
92.3 0 -nan
92.4 0 -nan
92.5 0 -nan
92.6 0 -nan
92.7 0 -nan
92.8 0 -nan
92.9 0 -nan
93 0 -nan
93.1 0 -nan
93.2 0 -nan
93.3 0 -nan
93.4 0 -nan
93.5 0 -nan
93.6 0 -nan
93.7 0 -nan
93.8 0 -nan
93.9 0 -nan
94 0 -nan
94.1 0 -nan
94.2 0 -nan
94.3 0 -nan
94.4 0 -nan
94.5 0 -nan
94.6 0 -nan
94.7 0 -nan
94.8 0 -nan
94.9 0 -nan
95 0 -nan
95.1 0 -nan
95.2 0 -nan
95.3 0 -nan
95.4 0 -nan
95.5 0 -nan
95.6 0 -nan
95.7 0 -nan
95.8 0 -nan
95.9 0 -nan
96 0 -nan
96.1 0 -nan
96.2 0 -nan
96.3 0 -nan
96.4 0 -nan
96.5 0 -nan
96.6 0 -nan
96.7 0 -nan
96.8 0 -nan
96.9 0 -nan
97 0 -nan
97.1 0 -nan
97.2 0 -nan
97.3 0 -nan
97.4 0 -nan
97.5 0 -nan
97.6 0 -nan
97.7 0 -nan
97.8 0 -nan
97.9 0 -nan
98 0 -nan
98.1 0 -nan
98.2 0 -nan
98.3 0 -nan
98.4 0 -nan
98.5 0 -nan
98.6 0 -nan
98.7 0 -nan
98.8 0 -nan
98.9 0 -nan
99 0 -nan
99.1 0 -nan
99.2 0 -nan
99.3 0 -nan
99.4 0 -nan
99.5 0 -nan
99.6 0 -nan
99.7 0 -nan
99.8 0 -nan
99.9 0 -nan
100 0 -nan
100.1 0 -nan
100.2 0 -nan
100.3 0 -nan
100.4 0 -nan
100.5 0 -nan
100.6 0 -nan
100.7 0 -nan
100.8 0 -nan
100.9 0 -nan
101 0 -nan
101.1 0 -nan
101.2 0 -nan
101.3 0 -nan
101.4 0 -nan
101.5 0 -nan
101.6 0 -nan
101.7 0 -nan
101.8 0 -nan
101.9 0 -nan
102 0 -nan
102.1 0 -nan
102.2 0 -nan
102.3 0 -nan
102.4 0 -nan
102.5 0 -nan
102.6 0 -nan
102.7 0 -nan
102.8 0 -nan
102.9 0 -nan
103 0 -nan
103.1 0 -nan
103.2 0 -nan
103.3 0 -nan
103.4 0 -nan
103.5 0 -nan
103.6 0 -nan
103.7 0 -nan
103.8 0 -nan
103.9 0 -nan
104 0 -nan
104.1 0 -nan
104.2 0 -nan
104.3 0 -nan
104.4 0 -nan
104.5 0 -nan
104.6 0 -nan
104.7 0 -nan
104.8 0 -nan
104.9 0 -nan
105 0 -nan
105.1 0 -nan
105.2 0 -nan
105.3 0 -nan
105.4 0 -nan
105.5 0 -nan
105.6 0 -nan
105.7 0 -nan
105.8 0 -nan
105.9 0 -nan
106 0 -nan
106.1 0 -nan
106.2 0 -nan
106.3 0 -nan
106.4 0 -nan
106.5 0 -nan
106.6 0 -nan
106.7 0 -nan
106.8 0 -nan
106.9 0 -nan
107 0 -nan
107.1 0 -nan
107.2 0 -nan
107.3 0 -nan
107.4 0 -nan
107.5 0 -nan
107.6 0 -nan
107.7 0 -nan
107.8 0 -nan
107.9 0 -nan
108 0 -nan
108.1 0 -nan
108.2 0 -nan
108.3 0 -nan
108.4 0 -nan
108.5 0 -nan
108.6 0 -nan
108.7 0 -nan
108.8 0 -nan
108.9 0 -nan
109 0 -nan
109.1 0 -nan
109.2 0 -nan
109.3 0 -nan
109.4 0 -nan
109.5 0 -nan
109.6 0 -nan
109.7 0 -nan
109.8 0 -nan
109.9 0 -nan
110 0 -nan
110.1 0 -nan
110.2 0 -nan
110.3 0 -nan
110.4 0 -nan
110.5 0 -nan
110.6 0 -nan
110.7 0 -nan
110.8 0 -nan
110.9 0 -nan
111 0 -nan
111.1 0 -nan
111.2 0 -nan
111.3 0 -nan
111.4 0 -nan
111.5 0 -nan
111.6 0 -nan
111.7 0 -nan
111.8 0 -nan
111.9 0 -nan
112 0 -nan
112.1 0 -nan
112.2 0 -nan
112.3 0 -nan
112.4 0 -nan
112.5 0 -nan
112.6 0 -nan
112.7 0 -nan
112.8 0 -nan
112.9 0 -nan
113 0 -nan
113.1 0 -nan
113.2 0 -nan
113.3 0 -nan
113.4 0 -nan
113.5 0 -nan
113.6 0 -nan
113.7 0 -nan
113.8 0 -nan
113.9 0 -nan
114 0 -nan
114.1 0 -nan
114.2 0 -nan
114.3 0 -nan
114.4 0 -nan
114.5 0 -nan
114.6 0 -nan
114.7 0 -nan
114.8 0 -nan
114.9 0 -nan
115 0 -nan
115.1 0 -nan
115.2 0 -nan
115.3 0 -nan
115.4 0 -nan
115.5 0 -nan
115.6 0 -nan
115.7 0 -nan
115.8 0 -nan
115.9 0 -nan
116 0 -nan
116.1 0 -nan
116.2 0 -nan
116.3 0 -nan
116.4 0 -nan
116.5 0 -nan
116.6 0 -nan
116.7 0 -nan
116.8 0 -nan
116.9 0 -nan
117 0 -nan
117.1 0 -nan
117.2 0 -nan
117.3 0 -nan
117.4 0 -nan
117.5 0 -nan
117.6 0 -nan
117.7 0 -nan
117.8 0 -nan
117.9 0 -nan
118 0 -nan
118.1 0 -nan
118.2 0 -nan
118.3 0 -nan
118.4 0 -nan
118.5 0 -nan
118.6 0 -nan
118.7 0 -nan
118.8 0 -nan
118.9 0 -nan
119 0 -nan
119.1 0 -nan
119.2 0 -nan
119.3 0 -nan
119.4 0 -nan
119.5 0 -nan
119.6 0 -nan
119.7 0 -nan
119.8 0 -nan
119.9 0 -nan
120 0 -nan
120.1 0 -nan
120.2 0 -nan
120.3 0 -nan
120.4 0 -nan
120.5 0 -nan
120.6 0 -nan
120.7 0 -nan
120.8 0 -nan
120.9 0 -nan
121 0 -nan
121.1 0 -nan
121.2 0 -nan
121.3 0 -nan
121.4 0 -nan
121.5 0 -nan
121.6 0 -nan
121.7 0 -nan
121.8 0 -nan
121.9 0 -nan
122 0 -nan
122.1 0 -nan
122.2 0 -nan
122.3 0 -nan
122.4 0 -nan
122.5 0 -nan
122.6 0 -nan
122.7 0 -nan
122.8 0 -nan
122.9 0 -nan
123 0 -nan
123.1 0 -nan
123.2 0 -nan
123.3 0 -nan
123.4 0 -nan
123.5 0 -nan
123.6 0 -nan
123.7 0 -nan
123.8 0 -nan
123.9 0 -nan
124 0 -nan
124.1 0 -nan
124.2 0 -nan
124.3 0 -nan
124.4 0 -nan
124.5 0 -nan
124.6 0 -nan
124.7 0 -nan
124.8 0 -nan
124.9 0 -nan
125 0 -nan
125.1 0 -nan
125.2 0 -nan
125.3 0 -nan
125.4 0 -nan
125.5 0 -nan
125.6 0 -nan
125.7 0 -nan
125.8 0 -nan
125.9 0 -nan
126 0 -nan
126.1 0 -nan
126.2 0 -nan
126.3 0 -nan
126.4 0 -nan
126.5 0 -nan
126.6 0 -nan
126.7 0 -nan
126.8 0 -nan
126.9 0 -nan
127 0 -nan
127.1 0 -nan
127.2 0 -nan
127.3 0 -nan
127.4 0 -nan
127.5 0 -nan
127.6 0 -nan
127.7 0 -nan
127.8 0 -nan
127.9 0 -nan
128 0 -nan
128.1 0 -nan
128.2 0 -nan
128.3 0 -nan
128.4 0 -nan
128.5 0 -nan
128.6 0 -nan
128.7 0 -nan
128.8 0 -nan
128.9 0 -nan
129 0 -nan
129.1 0 -nan
129.2 0 -nan
129.3 0 -nan
129.4 0 -nan
129.5 0 -nan
129.6 0 -nan
129.7 0 -nan
129.8 0 -nan
129.9 0 -nan
130 0 -nan
130.1 0 -nan
130.2 0 -nan
130.3 0 -nan
130.4 0 -nan
130.5 0 -nan
130.6 0 -nan
130.7 0 -nan
130.8 0 -nan
130.9 0 -nan
131 0 -nan
131.1 0 -nan
131.2 0 -nan
131.3 0 -nan
131.4 0 -nan
131.5 0 -nan
131.6 0 -nan
131.7 0 -nan
131.8 0 -nan
131.9 0 -nan
132 0 -nan
132.1 0 -nan
132.2 0 -nan
132.3 0 -nan
132.4 0 -nan
132.5 0 -nan
132.6 0 -nan
132.7 0 -nan
132.8 0 -nan
132.9 0 -nan
133 0 -nan
133.1 0 -nan
133.2 0 -nan
133.3 0 -nan
133.4 0 -nan
133.5 0 -nan
133.6 0 -nan
133.7 0 -nan
133.8 0 -nan
133.9 0 -nan
134 0 -nan
134.1 0 -nan
134.2 0 -nan
134.3 0 -nan
134.4 0 -nan
134.5 0 -nan
134.6 0 -nan
134.7 0 -nan
134.8 0 -nan
134.9 0 -nan
135 0 -nan
135.1 0 -nan
135.2 0 -nan
135.3 0 -nan
135.4 0 -nan
135.5 0 -nan
135.6 0 -nan
135.7 0 -nan
135.8 0 -nan
135.9 0 -nan
136 0 -nan
136.1 0 -nan
136.2 0 -nan
136.3 0 -nan
136.4 0 -nan
136.5 0 -nan
136.6 0 -nan
136.7 0 -nan
136.8 0 -nan
136.9 0 -nan
137 0 -nan
137.1 0 -nan
137.2 0 -nan
137.3 0 -nan
137.4 0 -nan
137.5 0 -nan
137.6 0 -nan
137.7 0 -nan
137.8 0 -nan
137.9 0 -nan
138 0 -nan
138.1 0 -nan
138.2 0 -nan
138.3 0 -nan
138.4 0 -nan
138.5 0 -nan
138.6 0 -nan
138.7 0 -nan
138.8 0 -nan
138.9 0 -nan
139 0 -nan
139.1 0 -nan
139.2 0 -nan
139.3 0 -nan
139.4 0 -nan
139.5 0 -nan
139.6 0 -nan
139.7 0 -nan
139.8 0 -nan
139.9 0 -nan
140 0 -nan
140.1 0 -nan
140.2 0 -nan
140.3 0 -nan
140.4 0 -nan
140.5 0 -nan
140.6 0 -nan
140.7 0 -nan
140.8 0 -nan
140.9 0 -nan
141 0 -nan
141.1 0 -nan
141.2 0 -nan
141.3 0 -nan
141.4 0 -nan
141.5 0 -nan
141.6 0 -nan
141.7 0 -nan
141.8 0 -nan
141.9 0 -nan
142 0 -nan
142.1 0 -nan
142.2 0 -nan
142.3 0 -nan
142.4 0 -nan
142.5 0 -nan
142.6 0 -nan
142.7 0 -nan
142.8 0 -nan
142.9 0 -nan
143 0 -nan
143.1 0 -nan
143.2 0 -nan
143.3 0 -nan
143.4 0 -nan
143.5 0 -nan
143.6 0 -nan
143.7 0 -nan
143.8 0 -nan
143.9 0 -nan
144 0 -nan
144.1 0 -nan
144.2 0 -nan
144.3 0 -nan
144.4 0 -nan
144.5 0 -nan
144.6 0 -nan
144.7 0 -nan
144.8 0 -nan
144.9 0 -nan
145 0 -nan
145.1 0 -nan
145.2 0 -nan
145.3 0 -nan
145.4 0 -nan
145.5 0 -nan
145.6 0 -nan
145.7 0 -nan
145.8 0 -nan
145.9 0 -nan
146 0 -nan
146.1 0 -nan
146.2 0 -nan
146.3 0 -nan
146.4 0 -nan
146.5 0 -nan
146.6 0 -nan
146.7 0 -nan
146.8 0 -nan
146.9 0 -nan
147 0 -nan
147.1 0 -nan
147.2 0 -nan
147.3 0 -nan
147.4 0 -nan
147.5 0 -nan
147.6 0 -nan
147.7 0 -nan
147.8 0 -nan
147.9 0 -nan
148 0 -nan
148.1 0 -nan
148.2 0 -nan
148.3 0 -nan
148.4 0 -nan
148.5 0 -nan
148.6 0 -nan
148.7 0 -nan
148.8 0 -nan
148.9 0 -nan
149 0 -nan
149.1 0 -nan
149.2 0 -nan
149.3 0 -nan
149.4 0 -nan
149.5 0 -nan
149.6 0 -nan
149.7 0 -nan
149.8 0 -nan
149.9 0 -nan
150 0 -nan
150.1 0 -nan
150.2 0 -nan
150.3 0 -nan
150.4 0 -nan
150.5 0 -nan
150.6 0 -nan
150.7 0 -nan
150.8 0 -nan
150.9 0 -nan
151 0 -nan
151.1 0 -nan
151.2 0 -nan
151.3 0 -nan
151.4 0 -nan
151.5 0 -nan
151.6 0 -nan
151.7 0 -nan
151.8 0 -nan
151.9 0 -nan
152 0 -nan
152.1 0 -nan
152.2 0 -nan
152.3 0 -nan
152.4 0 -nan
152.5 0 -nan
152.6 0 -nan
152.7 0 -nan
152.8 0 -nan
152.9 0 -nan
153 0 -nan
153.1 0 -nan
153.2 0 -nan
153.3 0 -nan
153.4 0 -nan
153.5 0 -nan
153.6 0 -nan
153.7 0 -nan
153.8 0 -nan
153.9 0 -nan
154 0 -nan
154.1 0 -nan
154.2 0 -nan
154.3 0 -nan
154.4 0 -nan
154.5 0 -nan
154.6 0 -nan
154.7 0 -nan
154.8 0 -nan
154.9 0 -nan
155 0 -nan
155.1 0 -nan
155.2 0 -nan
155.3 0 -nan
155.4 0 -nan
155.5 0 -nan
155.6 0 -nan
155.7 0 -nan
155.8 0 -nan
155.9 0 -nan
156 0 -nan
156.1 0 -nan
156.2 0 -nan
156.3 0 -nan
156.4 0 -nan
156.5 0 -nan
156.6 0 -nan
156.7 0 -nan
156.8 0 -nan
156.9 0 -nan
157 0 -nan
157.1 0 -nan
157.2 0 -nan
157.3 0 -nan
157.4 0 -nan
157.5 0 -nan
157.6 0 -nan
157.7 0 -nan
157.8 0 -nan
157.9 0 -nan
158 0 -nan
158.1 0 -nan
158.2 0 -nan
158.3 0 -nan
158.4 0 -nan
158.5 0 -nan
158.6 0 -nan
158.7 0 -nan
158.8 0 -nan
158.9 0 -nan
159 0 -nan
159.1 0 -nan
159.2 0 -nan
159.3 0 -nan
159.4 0 -nan
159.5 0 -nan
159.6 0 -nan
159.7 0 -nan
159.8 0 -nan
159.9 0 -nan
160 0 -nan
160.1 0 -nan
160.2 0 -nan
160.3 0 -nan
160.4 0 -nan
160.5 0 -nan
160.6 0 -nan
160.7 0 -nan
160.8 0 -nan
160.9 0 -nan
161 0 -nan
161.1 0 -nan
161.2 0 -nan
161.3 0 -nan
161.4 0 -nan
161.5 0 -nan
161.6 0 -nan
161.7 0 -nan
161.8 0 -nan
161.9 0 -nan
162 0 -nan
162.1 0 -nan
162.2 0 -nan
162.3 0 -nan
162.4 0 -nan
162.5 0 -nan
162.6 0 -nan
162.7 0 -nan
162.8 0 -nan
162.9 0 -nan
163 0 -nan
163.1 0 -nan
163.2 0 -nan
163.3 0 -nan
163.4 0 -nan
163.5 0 -nan
163.6 0 -nan
163.7 0 -nan
163.8 0 -nan
163.9 0 -nan
164 0 -nan
164.1 0 -nan
164.2 0 -nan
164.3 0 -nan
164.4 0 -nan
164.5 0 -nan
164.6 0 -nan
164.7 0 -nan
164.8 0 -nan
164.9 0 -nan
165 0 -nan
165.1 0 -nan
165.2 0 -nan
165.3 0 -nan
165.4 0 -nan
165.5 0 -nan
165.6 0 -nan
165.7 0 -nan
165.8 0 -nan
165.9 0 -nan
166 0 -nan
166.1 0 -nan
166.2 0 -nan
166.3 0 -nan
166.4 0 -nan
166.5 0 -nan
166.6 0 -nan
166.7 0 -nan
166.8 0 -nan
166.9 0 -nan
167 0 -nan
167.1 0 -nan
167.2 0 -nan
167.3 0 -nan
167.4 0 -nan
167.5 0 -nan
167.6 0 -nan
167.7 0 -nan
167.8 0 -nan
167.9 0 -nan
168 0 -nan
168.1 0 -nan
168.2 0 -nan
168.3 0 -nan
168.4 0 -nan
168.5 0 -nan
168.6 0 -nan
168.7 0 -nan
168.8 0 -nan
168.9 0 -nan
169 0 -nan
169.1 0 -nan
169.2 0 -nan
169.3 0 -nan
169.4 0 -nan
169.5 0 -nan
169.6 0 -nan
169.7 0 -nan
169.8 0 -nan
169.9 0 -nan
170 0 -nan
170.1 0 -nan
170.2 0 -nan
170.3 0 -nan
170.4 0 -nan
170.5 0 -nan
170.6 0 -nan
170.7 0 -nan
170.8 0 -nan
170.9 0 -nan
171 0 -nan
171.1 0 -nan
171.2 0 -nan
171.3 0 -nan
171.4 0 -nan
171.5 0 -nan
171.6 0 -nan
171.7 0 -nan
171.8 0 -nan
171.9 0 -nan
172 0 -nan
172.1 0 -nan
172.2 0 -nan
172.3 0 -nan
172.4 0 -nan
172.5 0 -nan
172.6 0 -nan
172.7 0 -nan
172.8 0 -nan
172.9 0 -nan
173 0 -nan
173.1 0 -nan
173.2 0 -nan
173.3 0 -nan
173.4 0 -nan
173.5 0 -nan
173.6 0 -nan
173.7 0 -nan
173.8 0 -nan
173.9 0 -nan
174 0 -nan
174.1 0 -nan
174.2 0 -nan
174.3 0 -nan
174.4 0 -nan
174.5 0 -nan
174.6 0 -nan
174.7 0 -nan
174.8 0 -nan
174.9 0 -nan
175 0 -nan
175.1 0 -nan
175.2 0 -nan
175.3 0 -nan
175.4 0 -nan
175.5 0 -nan
175.6 0 -nan
175.7 0 -nan
175.8 0 -nan
175.9 0 -nan
176 0 -nan
176.1 0 -nan
176.2 0 -nan
176.3 0 -nan
176.4 0 -nan
176.5 0 -nan
176.6 0 -nan
176.7 0 -nan
176.8 0 -nan
176.9 0 -nan
177 0 -nan
177.1 0 -nan
177.2 0 -nan
177.3 0 -nan
177.4 0 -nan
177.5 0 -nan
177.6 0 -nan
177.7 0 -nan
177.8 0 -nan
177.9 0 -nan
178 0 -nan
178.1 0 -nan
178.2 0 -nan
178.3 0 -nan
178.4 0 -nan
178.5 0 -nan
178.6 0 -nan
178.7 0 -nan
178.8 0 -nan
178.9 0 -nan
179 0 -nan
179.1 0 -nan
179.2 0 -nan
179.3 0 -nan
179.4 0 -nan
179.5 0 -nan
179.6 0 -nan
179.7 0 -nan
179.8 0 -nan
179.9 0 -nan
180 0 -nan
180.1 0 -nan
180.2 0 -nan
180.3 0 -nan
180.4 0 -nan
180.5 0 -nan
180.6 0 -nan
180.7 0 -nan
180.8 0 -nan
180.9 0 -nan
181 0 -nan
181.1 0 -nan
181.2 0 -nan
181.3 0 -nan
181.4 0 -nan
181.5 0 -nan
181.6 0 -nan
181.7 0 -nan
181.8 0 -nan
181.9 0 -nan
182 0 -nan
182.1 0 -nan
182.2 0 -nan
182.3 0 -nan
182.4 0 -nan
182.5 0 -nan
182.6 0 -nan
182.7 0 -nan
182.8 0 -nan
182.9 0 -nan
183 0 -nan
183.1 0 -nan
183.2 0 -nan
183.3 0 -nan
183.4 0 -nan
183.5 0 -nan
183.6 0 -nan
183.7 0 -nan
183.8 0 -nan
183.9 0 -nan
184 0 -nan
184.1 0 -nan
184.2 0 -nan
184.3 0 -nan
184.4 0 -nan
184.5 0 -nan
184.6 0 -nan
184.7 0 -nan
184.8 0 -nan
184.9 0 -nan
185 0 -nan
185.1 0 -nan
185.2 0 -nan
185.3 0 -nan
185.4 0 -nan
185.5 0 -nan
185.6 0 -nan
185.7 0 -nan
185.8 0 -nan
185.9 0 -nan
186 0 -nan
186.1 0 -nan
186.2 0 -nan
186.3 0 -nan
186.4 0 -nan
186.5 0 -nan
186.6 0 -nan
186.7 0 -nan
186.8 0 -nan
186.9 0 -nan
187 0 -nan
187.1 0 -nan
187.2 0 -nan
187.3 0 -nan
187.4 0 -nan
187.5 0 -nan
187.6 0 -nan
187.7 0 -nan
187.8 0 -nan
187.9 0 -nan
188 0 -nan
188.1 0 -nan
188.2 0 -nan
188.3 0 -nan
188.4 0 -nan
188.5 0 -nan
188.6 0 -nan
188.7 0 -nan
188.8 0 -nan
188.9 0 -nan
189 0 -nan
189.1 0 -nan
189.2 0 -nan
189.3 0 -nan
189.4 0 -nan
189.5 0 -nan
189.6 0 -nan
189.7 0 -nan
189.8 0 -nan
189.9 0 -nan
190 0 -nan
190.1 0 -nan
190.2 0 -nan
190.3 0 -nan
190.4 0 -nan
190.5 0 -nan
190.6 0 -nan
190.7 0 -nan
190.8 0 -nan
190.9 0 -nan
191 0 -nan
191.1 0 -nan
191.2 0 -nan
191.3 0 -nan
191.4 0 -nan
191.5 0 -nan
191.6 0 -nan
191.7 0 -nan
191.8 0 -nan
191.9 0 -nan
192 0 -nan
192.1 0 -nan
192.2 0 -nan
192.3 0 -nan
192.4 0 -nan
192.5 0 -nan
192.6 0 -nan
192.7 0 -nan
192.8 0 -nan
192.9 0 -nan
193 0 -nan
193.1 0 -nan
193.2 0 -nan
193.3 0 -nan
193.4 0 -nan
193.5 0 -nan
193.6 0 -nan
193.7 0 -nan
193.8 0 -nan
193.9 0 -nan
194 0 -nan
194.1 0 -nan
194.2 0 -nan
194.3 0 -nan
194.4 0 -nan
194.5 0 -nan
194.6 0 -nan
194.7 0 -nan
194.8 0 -nan
194.9 0 -nan
195 0 -nan
195.1 0 -nan
195.2 0 -nan
195.3 0 -nan
195.4 0 -nan
195.5 0 -nan
195.6 0 -nan
195.7 0 -nan
195.8 0 -nan
195.9 0 -nan
196 0 -nan
196.1 0 -nan
196.2 0 -nan
196.3 0 -nan
196.4 0 -nan
196.5 0 -nan
196.6 0 -nan
196.7 0 -nan
196.8 0 -nan
196.9 0 -nan
197 0 -nan
197.1 0 -nan
197.2 0 -nan
197.3 0 -nan
197.4 0 -nan
197.5 0 -nan
197.6 0 -nan
197.7 0 -nan
197.8 0 -nan
197.9 0 -nan
198 0 -nan
198.1 0 -nan
198.2 0 -nan
198.3 0 -nan
198.4 0 -nan
198.5 0 -nan
198.6 0 -nan
198.7 0 -nan
198.8 0 -nan
198.9 0 -nan
199 0 -nan
199.1 0 -nan
199.2 0 -nan
199.3 0 -nan
199.4 0 -nan
199.5 0 -nan
199.6 0 -nan
199.7 0 -nan
199.8 0 -nan
199.9 0 -nan
