(CTopology Builder) Topology file name: EuroD.topology
Opening input file:EuroD.topology...[ok]
Creating nodes: 0 1 2 3 4 5 6 7 8 9 10 11 12 13 14 15 16 17 18 19 20 21 22 23 24 25 26 done
Creating links: 0 1 2 3 4 5 6 7 8 9 10 11 12 13 14 15 16 17 18 19 20 21 22 23 24 25 26 27 28 29 30 31 32 33 34 35 36 37 38 39 40 41 42 43 44 45 46 47 48 49 50 51 52 53 54 55 56 57 58 59 60 61 62 63 64 65 66 67 68 69 70 71 72 73 74 75 76 77 78 79 80 81 82 83 84 85 86 87 88 89 90 91 92 93 94 95 96 97 98 99 100 101 102 103 104 105 106 107 108 109 done
Creating domains: 0 1 2 3 4 5 done
-----------------------------------
--- Domains summary ---
-----------------------------------
Domain Id: 0	Giallo PCE: Frankfurt
- nodes: 0 1 2 3 4 5 6 7 8 9 10 11 12 13 14 15 16 17 18 19 20 21 22 23 24 25 26 
-----------------------------------
--- Nodes and Links summary ---
-----------------------------------
Node Id: 0	Madrid@EuroD
- to node Id: 15 link Id: 0	Madrid<->Bordeaux	553
- to node Id: 16 link Id: 1	Madrid<->Barcelona	506
Node Id: 1	London@EuroD
- to node Id: 4 link Id: 15	London<->Brussels	310
- to node Id: 23 link Id: 45	London<->Dublin	468
- to node Id: 20 link Id: 50	London<->Amsterdam	351
- to node Id: 2 link Id: 57	London<->Paris	341
- to node Id: 22 link Id: 87	London<->Glasgow	546
Node Id: 2	Paris@EuroD
- to node Id: 1 link Id: 2	Paris<->London	341
- to node Id: 4 link Id: 3	Paris<->Brussels	266
- to node Id: 3 link Id: 4	Paris<->Lyon	390
- to node Id: 17 link Id: 42	Paris<->Strasbourg	400
- to node Id: 15 link Id: 43	Paris<->Bordeaux	500
- to node Id: 23 link Id: 46	Paris<->Dublin	786
Node Id: 3	Lyon@EuroD
- to node Id: 18 link Id: 5	Lyon<->Zurich	330
- to node Id: 16 link Id: 6	Lyon<->Barcelona	524
- to node Id: 2 link Id: 59	Lyon<->Paris	390
- to node Id: 17 link Id: 95	Lyon<->Strasbourg	385
- to node Id: 15 link Id: 96	Lyon<->Bordeaux	432
Node Id: 4	Brussels@EuroD
- to node Id: 20 link Id: 16	Brussels<->Amsterdam	174
- to node Id: 2 link Id: 58	Brussels<->Paris	266
- to node Id: 5 link Id: 68	Brussels<->Frankfurt	313
- to node Id: 1 link Id: 70	Brussels<->London	310
Node Id: 5	Frankfurt@EuroD
- to node Id: 4 link Id: 13	Frankfurt<->Brussels	313
- to node Id: 9 link Id: 14	Frankfurt<->Berlin	418
- to node Id: 17 link Id: 35	Frankfurt<->Strasbourg	181
- to node Id: 19 link Id: 53	Frankfurt<->Munich	300
- to node Id: 21 link Id: 89	Frankfurt<->Hamburg	391
Node Id: 6	Milan@EuroD
- to node Id: 7 link Id: 7	Milan<->Rome	484
- to node Id: 10 link Id: 9	Milan<->Vienna	620
- to node Id: 19 link Id: 92	Milan<->Munich	341
- to node Id: 18 link Id: 93	Milan<->Zurich	218
Node Id: 7	Rome@EuroD
- to node Id: 11 link Id: 8	Rome<->Athens	1050
- to node Id: 10 link Id: 25	Rome<->Vienna	761
- to node Id: 26 link Id: 26	Rome<->Belgrade	720
- to node Id: 6 link Id: 62	Rome<->Milan	484
Node Id: 8	Oslo@EuroD
- to node Id: 24 link Id: 17	Oslo<->Copenhagen	491
- to node Id: 12 link Id: 31	Oslo<->Stockholm	413
- to node Id: 22 link Id: 103	Oslo<->Glasgow	989
Node Id: 9	Berlin@EuroD
- to node Id: 24 link Id: 18	Berlin<->Copenhagen	360
- to node Id: 13 link Id: 19	Berlin<->Warsaw	513
- to node Id: 21 link Id: 30	Berlin<->Hamburg	257
- to node Id: 19 link Id: 33	Berlin<->Munich	504
- to node Id: 5 link Id: 69	Berlin<->Frankfurt	418
- to node Id: 25 link Id: 84	Berlin<->Prague	282
Node Id: 10	Vienna@EuroD
- to node Id: 14 link Id: 10	Vienna<->Budapest	219
- to node Id: 25 link Id: 11	Vienna<->Prague	245
- to node Id: 19 link Id: 12	Vienna<->Munich	410
- to node Id: 26 link Id: 27	Vienna<->Belgrade	490
- to node Id: 6 link Id: 64	Vienna<->Milan	620
- to node Id: 7 link Id: 80	Vienna<->Rome	761
Node Id: 11	Athens@EuroD
- to node Id: 7 link Id: 63	Athens<->Rome	1050
- to node Id: 26 link Id: 78	Athens<->Belgrade	800
Node Id: 12	Stockholm@EuroD
- to node Id: 13 link Id: 20	Stockholm<->Warsaw	807
- to node Id: 8 link Id: 86	Stockholm<->Oslo	413
- to node Id: 24 link Id: 109	Stockholm<->Copenhagen	515
Node Id: 13	Warsaw@EuroD
- to node Id: 14 link Id: 21	Warsaw<->Budapest	550
- to node Id: 9 link Id: 74	Warsaw<->Berlin	513
- to node Id: 12 link Id: 75	Warsaw<->Stockholm	807
- to node Id: 25 link Id: 83	Warsaw<->Prague	506
Node Id: 14	Budapest@EuroD
- to node Id: 26 link Id: 22	Budapest<->Belgrade	315
- to node Id: 10 link Id: 65	Budapest<->Vienna	219
- to node Id: 13 link Id: 76	Budapest<->Warsaw	550
- to node Id: 25 link Id: 79	Budapest<->Prague	441
Node Id: 15	Bordeaux@EuroD
- to node Id: 3 link Id: 41	Bordeaux<->Lyon	432
- to node Id: 16 link Id: 44	Bordeaux<->Barcelona	436
- to node Id: 0 link Id: 55	Bordeaux<->Madrid	553
- to node Id: 2 link Id: 98	Bordeaux<->Paris	500
Node Id: 16	Barcelona@EuroD
- to node Id: 0 link Id: 56	Barcelona<->Madrid	506
- to node Id: 3 link Id: 61	Barcelona<->Lyon	524
- to node Id: 15 link Id: 99	Barcelona<->Bordeaux	436
Node Id: 17	Strasbourg@EuroD
- to node Id: 18 link Id: 39	Strasbourg<->Zurich	145
- to node Id: 3 link Id: 40	Strasbourg<->Lyon	385
- to node Id: 5 link Id: 90	Strasbourg<->Frankfurt	181
- to node Id: 2 link Id: 97	Strasbourg<->Paris	400
Node Id: 18	Zurich@EuroD
- to node Id: 6 link Id: 38	Zurich<->Milan	218
- to node Id: 3 link Id: 60	Zurich<->Lyon	330
- to node Id: 19 link Id: 91	Zurich<->Munich	239
- to node Id: 17 link Id: 94	Zurich<->Strasbourg	145
Node Id: 19	Munich@EuroD
- to node Id: 18 link Id: 36	Munich<->Zurich	239
- to node Id: 6 link Id: 37	Munich<->Milan	341
- to node Id: 10 link Id: 67	Munich<->Vienna	410
- to node Id: 9 link Id: 88	Munich<->Berlin	504
- to node Id: 5 link Id: 108	Munich<->Frankfurt	300
Node Id: 20	Amsterdam@EuroD
- to node Id: 21 link Id: 51	Amsterdam<->Hamburg	361
- to node Id: 4 link Id: 71	Amsterdam<->Brussels	174
- to node Id: 22 link Id: 104	Amsterdam<->Glasgow	710
- to node Id: 1 link Id: 105	Amsterdam<->London	351
Node Id: 21	Hamburg@EuroD
- to node Id: 5 link Id: 34	Hamburg<->Frankfurt	391
- to node Id: 24 link Id: 52	Hamburg<->Copenhagen	292
- to node Id: 9 link Id: 85	Hamburg<->Berlin	257
- to node Id: 20 link Id: 106	Hamburg<->Amsterdam	361
Node Id: 22	Glasgow@EuroD
- to node Id: 1 link Id: 32	Glasgow<->London	546
- to node Id: 8 link Id: 48	Glasgow<->Oslo	989
- to node Id: 20 link Id: 49	Glasgow<->Amsterdam	710
- to node Id: 23 link Id: 102	Glasgow<->Dublin	313
Node Id: 23	Dublin@EuroD
- to node Id: 22 link Id: 47	Dublin<->Glasgow	313
- to node Id: 1 link Id: 100	Dublin<->London	468
- to node Id: 2 link Id: 101	Dublin<->Paris	786
Node Id: 24	Copenhagen@EuroD
- to node Id: 12 link Id: 54	Copenhagen<->Stockholm	515
- to node Id: 8 link Id: 72	Copenhagen<->Oslo	491
- to node Id: 9 link Id: 73	Copenhagen<->Berlin	360
- to node Id: 21 link Id: 107	Copenhagen<->Hamburg	292
Node Id: 25	Prague@EuroD
- to node Id: 14 link Id: 24	Prague<->Budapest	441
- to node Id: 13 link Id: 28	Prague<->Warsaw	506
- to node Id: 9 link Id: 29	Prague<->Berlin	282
- to node Id: 10 link Id: 66	Prague<->Vienna	245
Node Id: 26	Belgrade@EuroD
- to node Id: 11 link Id: 23	Belgrade<->Athens	800
- to node Id: 10 link Id: 77	Belgrade<->Vienna	490
- to node Id: 7 link Id: 81	Belgrade<->Rome	720
- to node Id: 14 link Id: 82	Belgrade<->Budapest	315
-----------------------------------
---------------------------
----- Loaded D Matrix -----
-1	
---------------------------
---------------------------
----- Loaded G Matrix -----
-1	-1	-1	-1	-1	-1	-1	-1	-1	-1	-1	-1	-1	-1	-1	1	1	-1	-1	-1	-1	-1	-1	-1	-1	-1	-1	
-1	-1	1	-1	1	-1	-1	-1	-1	-1	-1	-1	-1	-1	-1	-1	-1	-1	-1	-1	1	-1	1	1	-1	-1	-1	
-1	1	-1	1	1	-1	-1	-1	-1	-1	-1	-1	-1	-1	-1	1	-1	1	-1	-1	-1	-1	-1	1	-1	-1	-1	
-1	-1	1	-1	-1	-1	-1	-1	-1	-1	-1	-1	-1	-1	-1	1	1	1	1	-1	-1	-1	-1	-1	-1	-1	-1	
-1	1	1	-1	-1	1	-1	-1	-1	-1	-1	-1	-1	-1	-1	-1	-1	-1	-1	-1	1	-1	-1	-1	-1	-1	-1	
-1	-1	-1	-1	1	-1	-1	-1	-1	1	-1	-1	-1	-1	-1	-1	-1	1	-1	1	-1	1	-1	-1	-1	-1	-1	
-1	-1	-1	-1	-1	-1	-1	1	-1	-1	1	-1	-1	-1	-1	-1	-1	-1	1	1	-1	-1	-1	-1	-1	-1	-1	
-1	-1	-1	-1	-1	-1	1	-1	-1	-1	1	1	-1	-1	-1	-1	-1	-1	-1	-1	-1	-1	-1	-1	-1	-1	1	
-1	-1	-1	-1	-1	-1	-1	-1	-1	-1	-1	-1	1	-1	-1	-1	-1	-1	-1	-1	-1	-1	1	-1	1	-1	-1	
-1	-1	-1	-1	-1	1	-1	-1	-1	-1	-1	-1	-1	1	-1	-1	-1	-1	-1	1	-1	1	-1	-1	1	1	-1	
-1	-1	-1	-1	-1	-1	1	1	-1	-1	-1	-1	-1	-1	1	-1	-1	-1	-1	1	-1	-1	-1	-1	-1	1	1	
-1	-1	-1	-1	-1	-1	-1	1	-1	-1	-1	-1	-1	-1	-1	-1	-1	-1	-1	-1	-1	-1	-1	-1	-1	-1	1	
-1	-1	-1	-1	-1	-1	-1	-1	1	-1	-1	-1	-1	1	-1	-1	-1	-1	-1	-1	-1	-1	-1	-1	1	-1	-1	
-1	-1	-1	-1	-1	-1	-1	-1	-1	1	-1	-1	1	-1	1	-1	-1	-1	-1	-1	-1	-1	-1	-1	-1	1	-1	
-1	-1	-1	-1	-1	-1	-1	-1	-1	-1	1	-1	-1	1	-1	-1	-1	-1	-1	-1	-1	-1	-1	-1	-1	1	1	
1	-1	1	1	-1	-1	-1	-1	-1	-1	-1	-1	-1	-1	-1	-1	1	-1	-1	-1	-1	-1	-1	-1	-1	-1	-1	
1	-1	-1	1	-1	-1	-1	-1	-1	-1	-1	-1	-1	-1	-1	1	-1	-1	-1	-1	-1	-1	-1	-1	-1	-1	-1	
-1	-1	1	1	-1	1	-1	-1	-1	-1	-1	-1	-1	-1	-1	-1	-1	-1	1	-1	-1	-1	-1	-1	-1	-1	-1	
-1	-1	-1	1	-1	-1	1	-1	-1	-1	-1	-1	-1	-1	-1	-1	-1	1	-1	1	-1	-1	-1	-1	-1	-1	-1	
-1	-1	-1	-1	-1	1	1	-1	-1	1	1	-1	-1	-1	-1	-1	-1	-1	1	-1	-1	-1	-1	-1	-1	-1	-1	
-1	1	-1	-1	1	-1	-1	-1	-1	-1	-1	-1	-1	-1	-1	-1	-1	-1	-1	-1	-1	1	1	-1	-1	-1	-1	
-1	-1	-1	-1	-1	1	-1	-1	-1	1	-1	-1	-1	-1	-1	-1	-1	-1	-1	-1	1	-1	-1	-1	1	-1	-1	
-1	1	-1	-1	-1	-1	-1	-1	1	-1	-1	-1	-1	-1	-1	-1	-1	-1	-1	-1	1	-1	-1	1	-1	-1	-1	
-1	1	1	-1	-1	-1	-1	-1	-1	-1	-1	-1	-1	-1	-1	-1	-1	-1	-1	-1	-1	-1	1	-1	-1	-1	-1	
-1	-1	-1	-1	-1	-1	-1	-1	1	1	-1	-1	1	-1	-1	-1	-1	-1	-1	-1	-1	1	-1	-1	-1	-1	-1	
-1	-1	-1	-1	-1	-1	-1	-1	-1	1	1	-1	-1	1	1	-1	-1	-1	-1	-1	-1	-1	-1	-1	-1	-1	-1	
-1	-1	-1	-1	-1	-1	-1	1	-1	-1	1	1	-1	-1	1	-1	-1	-1	-1	-1	-1	-1	-1	-1	-1	-1	-1	
---------------------------
---------------------------
----- Loaded H Matrix -----
-1	-1	-1	-1	-1	-1	-1	-1	-1	-1	-1	-1	-1	-1	-1	-1	-1	-1	-1	-1	-1	-1	-1	-1	-1	-1	-1	-1	
-1	-1	-1	-1	-1	-1	-1	-1	-1	-1	-1	-1	-1	-1	-1	-1	-1	-1	-1	-1	-1	-1	-1	-1	-1	-1	-1	-1	
-1	-1	-1	-1	-1	-1	-1	-1	-1	-1	-1	-1	-1	-1	-1	-1	-1	-1	-1	-1	-1	-1	-1	-1	-1	-1	-1	-1	
-1	-1	-1	-1	-1	-1	-1	-1	-1	-1	-1	-1	-1	-1	-1	-1	-1	-1	-1	-1	-1	-1	-1	-1	-1	-1	-1	-1	
-1	-1	-1	-1	-1	-1	-1	-1	-1	-1	-1	-1	-1	-1	-1	-1	-1	-1	-1	-1	-1	-1	-1	-1	-1	-1	-1	-1	
-1	-1	-1	-1	-1	-1	-1	-1	-1	-1	-1	-1	-1	-1	-1	-1	-1	-1	-1	-1	-1	-1	-1	-1	-1	-1	-1	-1	
-1	-1	-1	-1	-1	-1	-1	-1	-1	-1	-1	-1	-1	-1	-1	-1	-1	-1	-1	-1	-1	-1	-1	-1	-1	-1	-1	-1	
-1	-1	-1	-1	-1	-1	-1	-1	-1	-1	-1	-1	-1	-1	-1	-1	-1	-1	-1	-1	-1	-1	-1	-1	-1	-1	-1	-1	
-1	-1	-1	-1	-1	-1	-1	-1	-1	-1	-1	-1	-1	-1	-1	-1	-1	-1	-1	-1	-1	-1	-1	-1	-1	-1	-1	-1	
-1	-1	-1	-1	-1	-1	-1	-1	-1	-1	-1	-1	-1	-1	-1	-1	-1	-1	-1	-1	-1	-1	-1	-1	-1	-1	-1	-1	
-1	-1	-1	-1	-1	-1	-1	-1	-1	-1	-1	-1	-1	-1	-1	-1	-1	-1	-1	-1	-1	-1	-1	-1	-1	-1	-1	-1	
-1	-1	-1	-1	-1	-1	-1	-1	-1	-1	-1	-1	-1	-1	-1	-1	-1	-1	-1	-1	-1	-1	-1	-1	-1	-1	-1	-1	
-1	-1	-1	-1	-1	-1	-1	-1	-1	-1	-1	-1	-1	-1	-1	-1	-1	-1	-1	-1	-1	-1	-1	-1	-1	-1	-1	-1	
-1	-1	-1	-1	-1	-1	-1	-1	-1	-1	-1	-1	-1	-1	-1	-1	-1	-1	-1	-1	-1	-1	-1	-1	-1	-1	-1	-1	
-1	-1	-1	-1	-1	-1	-1	-1	-1	-1	-1	-1	-1	-1	-1	-1	-1	-1	-1	-1	-1	-1	-1	-1	-1	-1	-1	-1	
-1	-1	-1	-1	-1	-1	-1	-1	-1	-1	-1	-1	-1	-1	-1	-1	-1	-1	-1	-1	-1	-1	-1	-1	-1	-1	-1	-1	
-1	-1	-1	-1	-1	-1	-1	-1	-1	-1	-1	-1	-1	-1	-1	-1	-1	-1	-1	-1	-1	-1	-1	-1	-1	-1	-1	-1	
-1	-1	-1	-1	-1	-1	-1	-1	-1	-1	-1	-1	-1	-1	-1	-1	-1	-1	-1	-1	-1	-1	-1	-1	-1	-1	-1	-1	
-1	-1	-1	-1	-1	-1	-1	-1	-1	-1	-1	-1	-1	-1	-1	-1	-1	-1	-1	-1	-1	-1	-1	-1	-1	-1	-1	-1	
-1	-1	-1	-1	-1	-1	-1	-1	-1	-1	-1	-1	-1	-1	-1	-1	-1	-1	-1	-1	-1	-1	-1	-1	-1	-1	-1	-1	
-1	-1	-1	-1	-1	-1	-1	-1	-1	-1	-1	-1	-1	-1	-1	-1	-1	-1	-1	-1	-1	-1	-1	-1	-1	-1	-1	-1	
-1	-1	-1	-1	-1	-1	-1	-1	-1	-1	-1	-1	-1	-1	-1	-1	-1	-1	-1	-1	-1	-1	-1	-1	-1	-1	-1	-1	
-1	-1	-1	-1	-1	-1	-1	-1	-1	-1	-1	-1	-1	-1	-1	-1	-1	-1	-1	-1	-1	-1	-1	-1	-1	-1	-1	-1	
-1	-1	-1	-1	-1	-1	-1	-1	-1	-1	-1	-1	-1	-1	-1	-1	-1	-1	-1	-1	-1	-1	-1	-1	-1	-1	-1	-1	
-1	-1	-1	-1	-1	-1	-1	-1	-1	-1	-1	-1	-1	-1	-1	-1	-1	-1	-1	-1	-1	-1	-1	-1	-1	-1	-1	-1	
-1	-1	-1	-1	-1	-1	-1	-1	-1	-1	-1	-1	-1	-1	-1	-1	-1	-1	-1	-1	-1	-1	-1	-1	-1	-1	-1	-1	
-1	-1	-1	-1	-1	-1	-1	-1	-1	-1	-1	-1	-1	-1	-1	-1	-1	-1	-1	-1	-1	-1	-1	-1	-1	-1	-1	-1	
-1	-1	-1	-1	-1	-1	-1	-1	-1	-1	-1	-1	-1	-1	-1	-1	-1	-1	-1	-1	-1	-1	-1	-1	-1	-1	-1	-1	
---------------------------
-------------------------------------
----- Loaded G Matrix Domain 0 ----- 
-1	-1	-1	-1	-1	-1	-1	-1	-1	-1	-1	-1	-1	-1	-1	553	506	-1	-1	-1	-1	-1	-1	-1	-1	-1	-1	
-1	-1	341	-1	310	-1	-1	-1	-1	-1	-1	-1	-1	-1	-1	-1	-1	-1	-1	-1	351	-1	546	468	-1	-1	-1	
-1	341	-1	390	266	-1	-1	-1	-1	-1	-1	-1	-1	-1	-1	500	-1	400	-1	-1	-1	-1	-1	786	-1	-1	-1	
-1	-1	390	-1	-1	-1	-1	-1	-1	-1	-1	-1	-1	-1	-1	432	524	385	330	-1	-1	-1	-1	-1	-1	-1	-1	
-1	310	266	-1	-1	313	-1	-1	-1	-1	-1	-1	-1	-1	-1	-1	-1	-1	-1	-1	174	-1	-1	-1	-1	-1	-1	
-1	-1	-1	-1	313	-1	-1	-1	-1	418	-1	-1	-1	-1	-1	-1	-1	181	-1	300	-1	391	-1	-1	-1	-1	-1	
-1	-1	-1	-1	-1	-1	-1	484	-1	-1	620	-1	-1	-1	-1	-1	-1	-1	218	341	-1	-1	-1	-1	-1	-1	-1	
-1	-1	-1	-1	-1	-1	484	-1	-1	-1	761	1050	-1	-1	-1	-1	-1	-1	-1	-1	-1	-1	-1	-1	-1	-1	720	
-1	-1	-1	-1	-1	-1	-1	-1	-1	-1	-1	-1	413	-1	-1	-1	-1	-1	-1	-1	-1	-1	989	-1	491	-1	-1	
-1	-1	-1	-1	-1	418	-1	-1	-1	-1	-1	-1	-1	513	-1	-1	-1	-1	-1	504	-1	257	-1	-1	360	282	-1	
-1	-1	-1	-1	-1	-1	620	761	-1	-1	-1	-1	-1	-1	219	-1	-1	-1	-1	410	-1	-1	-1	-1	-1	245	490	
-1	-1	-1	-1	-1	-1	-1	1050	-1	-1	-1	-1	-1	-1	-1	-1	-1	-1	-1	-1	-1	-1	-1	-1	-1	-1	800	
-1	-1	-1	-1	-1	-1	-1	-1	413	-1	-1	-1	-1	807	-1	-1	-1	-1	-1	-1	-1	-1	-1	-1	515	-1	-1	
-1	-1	-1	-1	-1	-1	-1	-1	-1	513	-1	-1	807	-1	550	-1	-1	-1	-1	-1	-1	-1	-1	-1	-1	506	-1	
-1	-1	-1	-1	-1	-1	-1	-1	-1	-1	219	-1	-1	550	-1	-1	-1	-1	-1	-1	-1	-1	-1	-1	-1	441	315	
553	-1	500	432	-1	-1	-1	-1	-1	-1	-1	-1	-1	-1	-1	-1	436	-1	-1	-1	-1	-1	-1	-1	-1	-1	-1	
506	-1	-1	524	-1	-1	-1	-1	-1	-1	-1	-1	-1	-1	-1	436	-1	-1	-1	-1	-1	-1	-1	-1	-1	-1	-1	
-1	-1	400	385	-1	181	-1	-1	-1	-1	-1	-1	-1	-1	-1	-1	-1	-1	145	-1	-1	-1	-1	-1	-1	-1	-1	
-1	-1	-1	330	-1	-1	218	-1	-1	-1	-1	-1	-1	-1	-1	-1	-1	145	-1	239	-1	-1	-1	-1	-1	-1	-1	
-1	-1	-1	-1	-1	300	341	-1	-1	504	410	-1	-1	-1	-1	-1	-1	-1	239	-1	-1	-1	-1	-1	-1	-1	-1	
-1	351	-1	-1	174	-1	-1	-1	-1	-1	-1	-1	-1	-1	-1	-1	-1	-1	-1	-1	-1	361	710	-1	-1	-1	-1	
-1	-1	-1	-1	-1	391	-1	-1	-1	257	-1	-1	-1	-1	-1	-1	-1	-1	-1	-1	361	-1	-1	-1	292	-1	-1	
-1	546	-1	-1	-1	-1	-1	-1	989	-1	-1	-1	-1	-1	-1	-1	-1	-1	-1	-1	710	-1	-1	313	-1	-1	-1	
-1	468	786	-1	-1	-1	-1	-1	-1	-1	-1	-1	-1	-1	-1	-1	-1	-1	-1	-1	-1	-1	313	-1	-1	-1	-1	
-1	-1	-1	-1	-1	-1	-1	-1	491	360	-1	-1	515	-1	-1	-1	-1	-1	-1	-1	-1	292	-1	-1	-1	-1	-1	
-1	-1	-1	-1	-1	-1	-1	-1	-1	282	245	-1	-1	506	441	-1	-1	-1	-1	-1	-1	-1	-1	-1	-1	-1	-1	
-1	-1	-1	-1	-1	-1	-1	720	-1	-1	490	800	-1	-1	315	-1	-1	-1	-1	-1	-1	-1	-1	-1	-1	-1	-1	
-------------------------------------
Closing file:EuroD.topology

Loading inter-domain routes using the D matrix at the inter-domain level...
Inter-domain routes loaded.


Loading routes using the G matrices at the domain level...
0->1	path: 0 15 2 1 	Peso: 1394
0->2	path: 0 15 2 	Peso: 1053
0->3	path: 0 15 3 	Peso: 985
0->4	path: 0 15 2 4 	Peso: 1319
0->5	path: 0 15 3 17 5 	Peso: 1551
0->6	path: 0 15 3 18 6 	Peso: 1533
0->7	path: 0 15 3 18 6 7 	Peso: 2017
0->8	path: 0 15 2 4 20 21 24 8 	Peso: 2637
0->9	path: 0 15 3 17 5 9 	Peso: 1969
0->10	path: 0 15 3 18 19 10 	Peso: 1964
0->11	path: 0 15 3 18 6 7 11 	Peso: 3067
0->12	path: 0 15 2 4 20 21 24 12 	Peso: 2661
0->13	path: 0 15 3 17 5 9 13 	Peso: 2482
0->14	path: 0 15 3 18 19 10 14 	Peso: 2183
0->15	path: 0 15 	Peso: 553
0->16	path: 0 16 	Peso: 506
0->17	path: 0 15 3 17 	Peso: 1370
0->18	path: 0 15 3 18 	Peso: 1315
0->19	path: 0 15 3 18 19 	Peso: 1554
0->20	path: 0 15 2 4 20 	Peso: 1493
0->21	path: 0 15 2 4 20 21 	Peso: 1854
0->22	path: 0 15 2 1 22 	Peso: 1940
0->23	path: 0 15 2 23 	Peso: 1839
0->24	path: 0 15 2 4 20 21 24 	Peso: 2146
0->25	path: 0 15 3 18 19 10 25 	Peso: 2209
0->26	path: 0 15 3 18 19 10 26 	Peso: 2454
1->0	path: 1 2 15 0 	Peso: 1394
1->2	path: 1 2 	Peso: 341
1->3	path: 1 2 3 	Peso: 731
1->4	path: 1 4 	Peso: 310
1->5	path: 1 4 5 	Peso: 623
1->6	path: 1 2 17 18 6 	Peso: 1104
1->7	path: 1 2 17 18 6 7 	Peso: 1588
1->8	path: 1 20 21 24 8 	Peso: 1495
1->9	path: 1 20 21 9 	Peso: 969
1->10	path: 1 4 5 19 10 	Peso: 1333
1->11	path: 1 4 5 19 10 26 11 	Peso: 2623
1->12	path: 1 20 21 24 12 	Peso: 1519
1->13	path: 1 20 21 9 13 	Peso: 1482
1->14	path: 1 4 5 19 10 14 	Peso: 1552
1->15	path: 1 2 15 	Peso: 841
1->16	path: 1 2 3 16 	Peso: 1255
1->17	path: 1 2 17 	Peso: 741
1->18	path: 1 2 17 18 	Peso: 886
1->19	path: 1 4 5 19 	Peso: 923
1->20	path: 1 20 	Peso: 351
1->21	path: 1 20 21 	Peso: 712
1->22	path: 1 22 	Peso: 546
1->23	path: 1 23 	Peso: 468
1->24	path: 1 20 21 24 	Peso: 1004
1->25	path: 1 20 21 9 25 	Peso: 1251
1->26	path: 1 4 5 19 10 26 	Peso: 1823
2->0	path: 2 15 0 	Peso: 1053
2->1	path: 2 1 	Peso: 341
2->3	path: 2 3 	Peso: 390
2->4	path: 2 4 	Peso: 266
2->5	path: 2 4 5 	Peso: 579
2->6	path: 2 17 18 6 	Peso: 763
2->7	path: 2 17 18 6 7 	Peso: 1247
2->8	path: 2 4 20 21 24 8 	Peso: 1584
2->9	path: 2 4 5 9 	Peso: 997
2->10	path: 2 17 18 19 10 	Peso: 1194
2->11	path: 2 17 18 6 7 11 	Peso: 2297
2->12	path: 2 4 20 21 24 12 	Peso: 1608
2->13	path: 2 4 5 9 13 	Peso: 1510
2->14	path: 2 17 18 19 10 14 	Peso: 1413
2->15	path: 2 15 	Peso: 500
2->16	path: 2 3 16 	Peso: 914
2->17	path: 2 17 	Peso: 400
2->18	path: 2 17 18 	Peso: 545
2->19	path: 2 17 18 19 	Peso: 784
2->20	path: 2 4 20 	Peso: 440
2->21	path: 2 4 20 21 	Peso: 801
2->22	path: 2 1 22 	Peso: 887
2->23	path: 2 23 	Peso: 786
2->24	path: 2 4 20 21 24 	Peso: 1093
2->25	path: 2 4 5 9 25 	Peso: 1279
2->26	path: 2 17 18 19 10 26 	Peso: 1684
3->0	path: 3 15 0 	Peso: 985
3->1	path: 3 2 1 	Peso: 731
3->2	path: 3 2 	Peso: 390
3->4	path: 3 2 4 	Peso: 656
3->5	path: 3 17 5 	Peso: 566
3->6	path: 3 18 6 	Peso: 548
3->7	path: 3 18 6 7 	Peso: 1032
3->8	path: 3 17 5 21 24 8 	Peso: 1740
3->9	path: 3 17 5 9 	Peso: 984
3->10	path: 3 18 19 10 	Peso: 979
3->11	path: 3 18 6 7 11 	Peso: 2082
3->12	path: 3 17 5 21 24 12 	Peso: 1764
3->13	path: 3 17 5 9 13 	Peso: 1497
3->14	path: 3 18 19 10 14 	Peso: 1198
3->15	path: 3 15 	Peso: 432
3->16	path: 3 16 	Peso: 524
3->17	path: 3 17 	Peso: 385
3->18	path: 3 18 	Peso: 330
3->19	path: 3 18 19 	Peso: 569
3->20	path: 3 2 4 20 	Peso: 830
3->21	path: 3 17 5 21 	Peso: 957
3->22	path: 3 2 1 22 	Peso: 1277
3->23	path: 3 2 23 	Peso: 1176
3->24	path: 3 17 5 21 24 	Peso: 1249
3->25	path: 3 18 19 10 25 	Peso: 1224
3->26	path: 3 18 19 10 26 	Peso: 1469
4->0	path: 4 2 15 0 	Peso: 1319
4->1	path: 4 1 	Peso: 310
4->2	path: 4 2 	Peso: 266
4->3	path: 4 2 3 	Peso: 656
4->5	path: 4 5 	Peso: 313
4->6	path: 4 5 17 18 6 	Peso: 857
4->7	path: 4 5 17 18 6 7 	Peso: 1341
4->8	path: 4 20 21 24 8 	Peso: 1318
4->9	path: 4 5 9 	Peso: 731
4->10	path: 4 5 19 10 	Peso: 1023
4->11	path: 4 5 19 10 26 11 	Peso: 2313
4->12	path: 4 20 21 24 12 	Peso: 1342
4->13	path: 4 5 9 13 	Peso: 1244
4->14	path: 4 5 19 10 14 	Peso: 1242
4->15	path: 4 2 15 	Peso: 766
4->16	path: 4 2 3 16 	Peso: 1180
4->17	path: 4 5 17 	Peso: 494
4->18	path: 4 5 17 18 	Peso: 639
4->19	path: 4 5 19 	Peso: 613
4->20	path: 4 20 	Peso: 174
4->21	path: 4 20 21 	Peso: 535
4->22	path: 4 1 22 	Peso: 856
4->23	path: 4 1 23 	Peso: 778
4->24	path: 4 20 21 24 	Peso: 827
4->25	path: 4 5 9 25 	Peso: 1013
4->26	path: 4 5 19 10 26 	Peso: 1513
5->0	path: 5 17 3 15 0 	Peso: 1551
5->1	path: 5 4 1 	Peso: 623
5->2	path: 5 4 2 	Peso: 579
5->3	path: 5 17 3 	Peso: 566
5->4	path: 5 4 	Peso: 313
5->6	path: 5 17 18 6 	Peso: 544
5->7	path: 5 17 18 6 7 	Peso: 1028
5->8	path: 5 21 24 8 	Peso: 1174
5->9	path: 5 9 	Peso: 418
5->10	path: 5 19 10 	Peso: 710
5->11	path: 5 19 10 26 11 	Peso: 2000
5->12	path: 5 21 24 12 	Peso: 1198
5->13	path: 5 9 13 	Peso: 931
5->14	path: 5 19 10 14 	Peso: 929
5->15	path: 5 17 3 15 	Peso: 998
5->16	path: 5 17 3 16 	Peso: 1090
5->17	path: 5 17 	Peso: 181
5->18	path: 5 17 18 	Peso: 326
5->19	path: 5 19 	Peso: 300
5->20	path: 5 4 20 	Peso: 487
5->21	path: 5 21 	Peso: 391
5->22	path: 5 4 1 22 	Peso: 1169
5->23	path: 5 4 1 23 	Peso: 1091
5->24	path: 5 21 24 	Peso: 683
5->25	path: 5 9 25 	Peso: 700
5->26	path: 5 19 10 26 	Peso: 1200
6->0	path: 6 18 3 15 0 	Peso: 1533
6->1	path: 6 18 17 2 1 	Peso: 1104
6->2	path: 6 18 17 2 	Peso: 763
6->3	path: 6 18 3 	Peso: 548
6->4	path: 6 18 17 5 4 	Peso: 857
6->5	path: 6 18 17 5 	Peso: 544
6->7	path: 6 7 	Peso: 484
6->8	path: 6 19 9 24 8 	Peso: 1696
6->9	path: 6 19 9 	Peso: 845
6->10	path: 6 10 	Peso: 620
6->11	path: 6 7 11 	Peso: 1534
6->12	path: 6 19 9 24 12 	Peso: 1720
6->13	path: 6 19 9 13 	Peso: 1358
6->14	path: 6 10 14 	Peso: 839
6->15	path: 6 18 3 15 	Peso: 980
6->16	path: 6 18 3 16 	Peso: 1072
6->17	path: 6 18 17 	Peso: 363
6->18	path: 6 18 	Peso: 218
6->19	path: 6 19 	Peso: 341
6->20	path: 6 18 17 5 4 20 	Peso: 1031
6->21	path: 6 18 17 5 21 	Peso: 935
6->22	path: 6 18 17 2 1 22 	Peso: 1650
6->23	path: 6 18 17 2 23 	Peso: 1549
6->24	path: 6 19 9 24 	Peso: 1205
6->25	path: 6 10 25 	Peso: 865
6->26	path: 6 10 26 	Peso: 1110
7->0	path: 7 6 18 3 15 0 	Peso: 2017
7->1	path: 7 6 18 17 2 1 	Peso: 1588
7->2	path: 7 6 18 17 2 	Peso: 1247
7->3	path: 7 6 18 3 	Peso: 1032
7->4	path: 7 6 18 17 5 4 	Peso: 1341
7->5	path: 7 6 18 17 5 	Peso: 1028
7->6	path: 7 6 	Peso: 484
7->8	path: 7 10 25 9 24 8 	Peso: 2139
7->9	path: 7 10 25 9 	Peso: 1288
7->10	path: 7 10 	Peso: 761
7->11	path: 7 11 	Peso: 1050
7->12	path: 7 10 25 9 24 12 	Peso: 2163
7->13	path: 7 10 25 13 	Peso: 1512
7->14	path: 7 10 14 	Peso: 980
7->15	path: 7 6 18 3 15 	Peso: 1464
7->16	path: 7 6 18 3 16 	Peso: 1556
7->17	path: 7 6 18 17 	Peso: 847
7->18	path: 7 6 18 	Peso: 702
7->19	path: 7 6 19 	Peso: 825
7->20	path: 7 6 18 17 5 4 20 	Peso: 1515
7->21	path: 7 6 18 17 5 21 	Peso: 1419
7->22	path: 7 6 18 17 2 1 22 	Peso: 2134
7->23	path: 7 6 18 17 2 23 	Peso: 2033
7->24	path: 7 10 25 9 24 	Peso: 1648
7->25	path: 7 10 25 	Peso: 1006
7->26	path: 7 26 	Peso: 720
8->0	path: 8 24 21 20 4 2 15 0 	Peso: 2637
8->1	path: 8 24 21 20 1 	Peso: 1495
8->2	path: 8 24 21 20 4 2 	Peso: 1584
8->3	path: 8 24 21 5 17 3 	Peso: 1740
8->4	path: 8 24 21 20 4 	Peso: 1318
8->5	path: 8 24 21 5 	Peso: 1174
8->6	path: 8 24 9 19 6 	Peso: 1696
8->7	path: 8 24 9 25 10 7 	Peso: 2139
8->9	path: 8 24 9 	Peso: 851
8->10	path: 8 24 9 25 10 	Peso: 1378
8->11	path: 8 24 9 25 10 26 11 	Peso: 2668
8->12	path: 8 12 	Peso: 413
8->13	path: 8 12 13 	Peso: 1220
8->14	path: 8 24 9 25 14 	Peso: 1574
8->15	path: 8 24 21 20 4 2 15 	Peso: 2084
8->16	path: 8 24 21 5 17 3 16 	Peso: 2264
8->17	path: 8 24 21 5 17 	Peso: 1355
8->18	path: 8 24 21 5 17 18 	Peso: 1500
8->19	path: 8 24 9 19 	Peso: 1355
8->20	path: 8 24 21 20 	Peso: 1144
8->21	path: 8 24 21 	Peso: 783
8->22	path: 8 22 	Peso: 989
8->23	path: 8 22 23 	Peso: 1302
8->24	path: 8 24 	Peso: 491
8->25	path: 8 24 9 25 	Peso: 1133
8->26	path: 8 24 9 25 10 26 	Peso: 1868
9->0	path: 9 5 17 3 15 0 	Peso: 1969
9->1	path: 9 21 20 1 	Peso: 969
9->2	path: 9 5 4 2 	Peso: 997
9->3	path: 9 5 17 3 	Peso: 984
9->4	path: 9 5 4 	Peso: 731
9->5	path: 9 5 	Peso: 418
9->6	path: 9 19 6 	Peso: 845
9->7	path: 9 25 10 7 	Peso: 1288
9->8	path: 9 24 8 	Peso: 851
9->10	path: 9 25 10 	Peso: 527
9->11	path: 9 25 10 26 11 	Peso: 1817
9->12	path: 9 24 12 	Peso: 875
9->13	path: 9 13 	Peso: 513
9->14	path: 9 25 14 	Peso: 723
9->15	path: 9 5 17 3 15 	Peso: 1416
9->16	path: 9 5 17 3 16 	Peso: 1508
9->17	path: 9 5 17 	Peso: 599
9->18	path: 9 19 18 	Peso: 743
9->19	path: 9 19 	Peso: 504
9->20	path: 9 21 20 	Peso: 618
9->21	path: 9 21 	Peso: 257
9->22	path: 9 21 20 22 	Peso: 1328
9->23	path: 9 21 20 1 23 	Peso: 1437
9->24	path: 9 24 	Peso: 360
9->25	path: 9 25 	Peso: 282
9->26	path: 9 25 10 26 	Peso: 1017
10->0	path: 10 19 18 3 15 0 	Peso: 1964
10->1	path: 10 19 5 4 1 	Peso: 1333
10->2	path: 10 19 18 17 2 	Peso: 1194
10->3	path: 10 19 18 3 	Peso: 979
10->4	path: 10 19 5 4 	Peso: 1023
10->5	path: 10 19 5 	Peso: 710
10->6	path: 10 6 	Peso: 620
10->7	path: 10 7 	Peso: 761
10->8	path: 10 25 9 24 8 	Peso: 1378
10->9	path: 10 25 9 	Peso: 527
10->11	path: 10 26 11 	Peso: 1290
10->12	path: 10 25 9 24 12 	Peso: 1402
10->13	path: 10 25 13 	Peso: 751
10->14	path: 10 14 	Peso: 219
10->15	path: 10 19 18 3 15 	Peso: 1411
10->16	path: 10 19 18 3 16 	Peso: 1503
10->17	path: 10 19 18 17 	Peso: 794
10->18	path: 10 19 18 	Peso: 649
10->19	path: 10 19 	Peso: 410
10->20	path: 10 25 9 21 20 	Peso: 1145
10->21	path: 10 25 9 21 	Peso: 784
10->22	path: 10 25 9 21 20 22 	Peso: 1855
10->23	path: 10 19 5 4 1 23 	Peso: 1801
10->24	path: 10 25 9 24 	Peso: 887
10->25	path: 10 25 	Peso: 245
10->26	path: 10 26 	Peso: 490
11->0	path: 11 7 6 18 3 15 0 	Peso: 3067
11->1	path: 11 26 10 19 5 4 1 	Peso: 2623
11->2	path: 11 7 6 18 17 2 	Peso: 2297
11->3	path: 11 7 6 18 3 	Peso: 2082
11->4	path: 11 26 10 19 5 4 	Peso: 2313
11->5	path: 11 26 10 19 5 	Peso: 2000
11->6	path: 11 7 6 	Peso: 1534
11->7	path: 11 7 	Peso: 1050
11->8	path: 11 26 10 25 9 24 8 	Peso: 2668
11->9	path: 11 26 10 25 9 	Peso: 1817
11->10	path: 11 26 10 	Peso: 1290
11->12	path: 11 26 14 13 12 	Peso: 2472
11->13	path: 11 26 14 13 	Peso: 1665
11->14	path: 11 26 14 	Peso: 1115
11->15	path: 11 7 6 18 3 15 	Peso: 2514
11->16	path: 11 7 6 18 3 16 	Peso: 2606
11->17	path: 11 7 6 18 17 	Peso: 1897
11->18	path: 11 7 6 18 	Peso: 1752
11->19	path: 11 26 10 19 	Peso: 1700
11->20	path: 11 26 10 25 9 21 20 	Peso: 2435
11->21	path: 11 26 10 25 9 21 	Peso: 2074
11->22	path: 11 26 10 25 9 21 20 22 	Peso: 3145
11->23	path: 11 7 6 18 17 2 23 	Peso: 3083
11->24	path: 11 26 10 25 9 24 	Peso: 2177
11->25	path: 11 26 10 25 	Peso: 1535
11->26	path: 11 26 	Peso: 800
12->0	path: 12 24 21 20 4 2 15 0 	Peso: 2661
12->1	path: 12 24 21 20 1 	Peso: 1519
12->2	path: 12 24 21 20 4 2 	Peso: 1608
12->3	path: 12 24 21 5 17 3 	Peso: 1764
12->4	path: 12 24 21 20 4 	Peso: 1342
12->5	path: 12 24 21 5 	Peso: 1198
12->6	path: 12 24 9 19 6 	Peso: 1720
12->7	path: 12 24 9 25 10 7 	Peso: 2163
12->8	path: 12 8 	Peso: 413
12->9	path: 12 24 9 	Peso: 875
12->10	path: 12 24 9 25 10 	Peso: 1402
12->11	path: 12 13 14 26 11 	Peso: 2472
12->13	path: 12 13 	Peso: 807
12->14	path: 12 13 14 	Peso: 1357
12->15	path: 12 24 21 20 4 2 15 	Peso: 2108
12->16	path: 12 24 21 5 17 3 16 	Peso: 2288
12->17	path: 12 24 21 5 17 	Peso: 1379
12->18	path: 12 24 21 5 17 18 	Peso: 1524
12->19	path: 12 24 9 19 	Peso: 1379
12->20	path: 12 24 21 20 	Peso: 1168
12->21	path: 12 24 21 	Peso: 807
12->22	path: 12 8 22 	Peso: 1402
12->23	path: 12 8 22 23 	Peso: 1715
12->24	path: 12 24 	Peso: 515
12->25	path: 12 24 9 25 	Peso: 1157
12->26	path: 12 13 14 26 	Peso: 1672
13->0	path: 13 9 5 17 3 15 0 	Peso: 2482
13->1	path: 13 9 21 20 1 	Peso: 1482
13->2	path: 13 9 5 4 2 	Peso: 1510
13->3	path: 13 9 5 17 3 	Peso: 1497
13->4	path: 13 9 5 4 	Peso: 1244
13->5	path: 13 9 5 	Peso: 931
13->6	path: 13 9 19 6 	Peso: 1358
13->7	path: 13 25 10 7 	Peso: 1512
13->8	path: 13 12 8 	Peso: 1220
13->9	path: 13 9 	Peso: 513
13->10	path: 13 25 10 	Peso: 751
13->11	path: 13 14 26 11 	Peso: 1665
13->12	path: 13 12 	Peso: 807
13->14	path: 13 14 	Peso: 550
13->15	path: 13 9 5 17 3 15 	Peso: 1929
13->16	path: 13 9 5 17 3 16 	Peso: 2021
13->17	path: 13 9 5 17 	Peso: 1112
13->18	path: 13 9 19 18 	Peso: 1256
13->19	path: 13 9 19 	Peso: 1017
13->20	path: 13 9 21 20 	Peso: 1131
13->21	path: 13 9 21 	Peso: 770
13->22	path: 13 9 21 20 22 	Peso: 1841
13->23	path: 13 9 21 20 1 23 	Peso: 1950
13->24	path: 13 9 24 	Peso: 873
13->25	path: 13 25 	Peso: 506
13->26	path: 13 14 26 	Peso: 865
14->0	path: 14 10 19 18 3 15 0 	Peso: 2183
14->1	path: 14 10 19 5 4 1 	Peso: 1552
14->2	path: 14 10 19 18 17 2 	Peso: 1413
14->3	path: 14 10 19 18 3 	Peso: 1198
14->4	path: 14 10 19 5 4 	Peso: 1242
14->5	path: 14 10 19 5 	Peso: 929
14->6	path: 14 10 6 	Peso: 839
14->7	path: 14 10 7 	Peso: 980
14->8	path: 14 25 9 24 8 	Peso: 1574
14->9	path: 14 25 9 	Peso: 723
14->10	path: 14 10 	Peso: 219
14->11	path: 14 26 11 	Peso: 1115
14->12	path: 14 13 12 	Peso: 1357
14->13	path: 14 13 	Peso: 550
14->15	path: 14 10 19 18 3 15 	Peso: 1630
14->16	path: 14 10 19 18 3 16 	Peso: 1722
14->17	path: 14 10 19 18 17 	Peso: 1013
14->18	path: 14 10 19 18 	Peso: 868
14->19	path: 14 10 19 	Peso: 629
14->20	path: 14 25 9 21 20 	Peso: 1341
14->21	path: 14 25 9 21 	Peso: 980
14->22	path: 14 25 9 21 20 22 	Peso: 2051
14->23	path: 14 10 19 5 4 1 23 	Peso: 2020
14->24	path: 14 25 9 24 	Peso: 1083
14->25	path: 14 25 	Peso: 441
14->26	path: 14 26 	Peso: 315
15->0	path: 15 0 	Peso: 553
15->1	path: 15 2 1 	Peso: 841
15->2	path: 15 2 	Peso: 500
15->3	path: 15 3 	Peso: 432
15->4	path: 15 2 4 	Peso: 766
15->5	path: 15 3 17 5 	Peso: 998
15->6	path: 15 3 18 6 	Peso: 980
15->7	path: 15 3 18 6 7 	Peso: 1464
15->8	path: 15 2 4 20 21 24 8 	Peso: 2084
15->9	path: 15 3 17 5 9 	Peso: 1416
15->10	path: 15 3 18 19 10 	Peso: 1411
15->11	path: 15 3 18 6 7 11 	Peso: 2514
15->12	path: 15 2 4 20 21 24 12 	Peso: 2108
15->13	path: 15 3 17 5 9 13 	Peso: 1929
15->14	path: 15 3 18 19 10 14 	Peso: 1630
15->16	path: 15 16 	Peso: 436
15->17	path: 15 3 17 	Peso: 817
15->18	path: 15 3 18 	Peso: 762
15->19	path: 15 3 18 19 	Peso: 1001
15->20	path: 15 2 4 20 	Peso: 940
15->21	path: 15 2 4 20 21 	Peso: 1301
15->22	path: 15 2 1 22 	Peso: 1387
15->23	path: 15 2 23 	Peso: 1286
15->24	path: 15 2 4 20 21 24 	Peso: 1593
15->25	path: 15 3 18 19 10 25 	Peso: 1656
15->26	path: 15 3 18 19 10 26 	Peso: 1901
16->0	path: 16 0 	Peso: 506
16->1	path: 16 3 2 1 	Peso: 1255
16->2	path: 16 3 2 	Peso: 914
16->3	path: 16 3 	Peso: 524
16->4	path: 16 3 2 4 	Peso: 1180
16->5	path: 16 3 17 5 	Peso: 1090
16->6	path: 16 3 18 6 	Peso: 1072
16->7	path: 16 3 18 6 7 	Peso: 1556
16->8	path: 16 3 17 5 21 24 8 	Peso: 2264
16->9	path: 16 3 17 5 9 	Peso: 1508
16->10	path: 16 3 18 19 10 	Peso: 1503
16->11	path: 16 3 18 6 7 11 	Peso: 2606
16->12	path: 16 3 17 5 21 24 12 	Peso: 2288
16->13	path: 16 3 17 5 9 13 	Peso: 2021
16->14	path: 16 3 18 19 10 14 	Peso: 1722
16->15	path: 16 15 	Peso: 436
16->17	path: 16 3 17 	Peso: 909
16->18	path: 16 3 18 	Peso: 854
16->19	path: 16 3 18 19 	Peso: 1093
16->20	path: 16 3 2 4 20 	Peso: 1354
16->21	path: 16 3 17 5 21 	Peso: 1481
16->22	path: 16 3 2 1 22 	Peso: 1801
16->23	path: 16 3 2 23 	Peso: 1700
16->24	path: 16 3 17 5 21 24 	Peso: 1773
16->25	path: 16 3 18 19 10 25 	Peso: 1748
16->26	path: 16 3 18 19 10 26 	Peso: 1993
17->0	path: 17 3 15 0 	Peso: 1370
17->1	path: 17 2 1 	Peso: 741
17->2	path: 17 2 	Peso: 400
17->3	path: 17 3 	Peso: 385
17->4	path: 17 5 4 	Peso: 494
17->5	path: 17 5 	Peso: 181
17->6	path: 17 18 6 	Peso: 363
17->7	path: 17 18 6 7 	Peso: 847
17->8	path: 17 5 21 24 8 	Peso: 1355
17->9	path: 17 5 9 	Peso: 599
17->10	path: 17 18 19 10 	Peso: 794
17->11	path: 17 18 6 7 11 	Peso: 1897
17->12	path: 17 5 21 24 12 	Peso: 1379
17->13	path: 17 5 9 13 	Peso: 1112
17->14	path: 17 18 19 10 14 	Peso: 1013
17->15	path: 17 3 15 	Peso: 817
17->16	path: 17 3 16 	Peso: 909
17->18	path: 17 18 	Peso: 145
17->19	path: 17 18 19 	Peso: 384
17->20	path: 17 5 4 20 	Peso: 668
17->21	path: 17 5 21 	Peso: 572
17->22	path: 17 2 1 22 	Peso: 1287
17->23	path: 17 2 23 	Peso: 1186
17->24	path: 17 5 21 24 	Peso: 864
17->25	path: 17 5 9 25 	Peso: 881
17->26	path: 17 18 19 10 26 	Peso: 1284
18->0	path: 18 3 15 0 	Peso: 1315
18->1	path: 18 17 2 1 	Peso: 886
18->2	path: 18 17 2 	Peso: 545
18->3	path: 18 3 	Peso: 330
18->4	path: 18 17 5 4 	Peso: 639
18->5	path: 18 17 5 	Peso: 326
18->6	path: 18 6 	Peso: 218
18->7	path: 18 6 7 	Peso: 702
18->8	path: 18 17 5 21 24 8 	Peso: 1500
18->9	path: 18 19 9 	Peso: 743
18->10	path: 18 19 10 	Peso: 649
18->11	path: 18 6 7 11 	Peso: 1752
18->12	path: 18 17 5 21 24 12 	Peso: 1524
18->13	path: 18 19 9 13 	Peso: 1256
18->14	path: 18 19 10 14 	Peso: 868
18->15	path: 18 3 15 	Peso: 762
18->16	path: 18 3 16 	Peso: 854
18->17	path: 18 17 	Peso: 145
18->19	path: 18 19 	Peso: 239
18->20	path: 18 17 5 4 20 	Peso: 813
18->21	path: 18 17 5 21 	Peso: 717
18->22	path: 18 17 2 1 22 	Peso: 1432
18->23	path: 18 17 2 23 	Peso: 1331
18->24	path: 18 17 5 21 24 	Peso: 1009
18->25	path: 18 19 10 25 	Peso: 894
18->26	path: 18 19 10 26 	Peso: 1139
19->0	path: 19 18 3 15 0 	Peso: 1554
19->1	path: 19 5 4 1 	Peso: 923
19->2	path: 19 18 17 2 	Peso: 784
19->3	path: 19 18 3 	Peso: 569
19->4	path: 19 5 4 	Peso: 613
19->5	path: 19 5 	Peso: 300
19->6	path: 19 6 	Peso: 341
19->7	path: 19 6 7 	Peso: 825
19->8	path: 19 9 24 8 	Peso: 1355
19->9	path: 19 9 	Peso: 504
19->10	path: 19 10 	Peso: 410
19->11	path: 19 10 26 11 	Peso: 1700
19->12	path: 19 9 24 12 	Peso: 1379
19->13	path: 19 9 13 	Peso: 1017
19->14	path: 19 10 14 	Peso: 629
19->15	path: 19 18 3 15 	Peso: 1001
19->16	path: 19 18 3 16 	Peso: 1093
19->17	path: 19 18 17 	Peso: 384
19->18	path: 19 18 	Peso: 239
19->20	path: 19 5 4 20 	Peso: 787
19->21	path: 19 5 21 	Peso: 691
19->22	path: 19 5 4 1 22 	Peso: 1469
19->23	path: 19 5 4 1 23 	Peso: 1391
19->24	path: 19 9 24 	Peso: 864
19->25	path: 19 10 25 	Peso: 655
19->26	path: 19 10 26 	Peso: 900
20->0	path: 20 4 2 15 0 	Peso: 1493
20->1	path: 20 1 	Peso: 351
20->2	path: 20 4 2 	Peso: 440
20->3	path: 20 4 2 3 	Peso: 830
20->4	path: 20 4 	Peso: 174
20->5	path: 20 4 5 	Peso: 487
20->6	path: 20 4 5 17 18 6 	Peso: 1031
20->7	path: 20 4 5 17 18 6 7 	Peso: 1515
20->8	path: 20 21 24 8 	Peso: 1144
20->9	path: 20 21 9 	Peso: 618
20->10	path: 20 21 9 25 10 	Peso: 1145
20->11	path: 20 21 9 25 10 26 11 	Peso: 2435
20->12	path: 20 21 24 12 	Peso: 1168
20->13	path: 20 21 9 13 	Peso: 1131
20->14	path: 20 21 9 25 14 	Peso: 1341
20->15	path: 20 4 2 15 	Peso: 940
20->16	path: 20 4 2 3 16 	Peso: 1354
20->17	path: 20 4 5 17 	Peso: 668
20->18	path: 20 4 5 17 18 	Peso: 813
20->19	path: 20 4 5 19 	Peso: 787
20->21	path: 20 21 	Peso: 361
20->22	path: 20 22 	Peso: 710
20->23	path: 20 1 23 	Peso: 819
20->24	path: 20 21 24 	Peso: 653
20->25	path: 20 21 9 25 	Peso: 900
20->26	path: 20 21 9 25 10 26 	Peso: 1635
21->0	path: 21 20 4 2 15 0 	Peso: 1854
21->1	path: 21 20 1 	Peso: 712
21->2	path: 21 20 4 2 	Peso: 801
21->3	path: 21 5 17 3 	Peso: 957
21->4	path: 21 20 4 	Peso: 535
21->5	path: 21 5 	Peso: 391
21->6	path: 21 5 17 18 6 	Peso: 935
21->7	path: 21 5 17 18 6 7 	Peso: 1419
21->8	path: 21 24 8 	Peso: 783
21->9	path: 21 9 	Peso: 257
21->10	path: 21 9 25 10 	Peso: 784
21->11	path: 21 9 25 10 26 11 	Peso: 2074
21->12	path: 21 24 12 	Peso: 807
21->13	path: 21 9 13 	Peso: 770
21->14	path: 21 9 25 14 	Peso: 980
21->15	path: 21 20 4 2 15 	Peso: 1301
21->16	path: 21 5 17 3 16 	Peso: 1481
21->17	path: 21 5 17 	Peso: 572
21->18	path: 21 5 17 18 	Peso: 717
21->19	path: 21 5 19 	Peso: 691
21->20	path: 21 20 	Peso: 361
21->22	path: 21 20 22 	Peso: 1071
21->23	path: 21 20 1 23 	Peso: 1180
21->24	path: 21 24 	Peso: 292
21->25	path: 21 9 25 	Peso: 539
21->26	path: 21 9 25 10 26 	Peso: 1274
22->0	path: 22 1 2 15 0 	Peso: 1940
22->1	path: 22 1 	Peso: 546
22->2	path: 22 1 2 	Peso: 887
22->3	path: 22 1 2 3 	Peso: 1277
22->4	path: 22 1 4 	Peso: 856
22->5	path: 22 1 4 5 	Peso: 1169
22->6	path: 22 1 2 17 18 6 	Peso: 1650
22->7	path: 22 1 2 17 18 6 7 	Peso: 2134
22->8	path: 22 8 	Peso: 989
22->9	path: 22 20 21 9 	Peso: 1328
22->10	path: 22 20 21 9 25 10 	Peso: 1855
22->11	path: 22 20 21 9 25 10 26 11 	Peso: 3145
22->12	path: 22 8 12 	Peso: 1402
22->13	path: 22 20 21 9 13 	Peso: 1841
22->14	path: 22 20 21 9 25 14 	Peso: 2051
22->15	path: 22 1 2 15 	Peso: 1387
22->16	path: 22 1 2 3 16 	Peso: 1801
22->17	path: 22 1 2 17 	Peso: 1287
22->18	path: 22 1 2 17 18 	Peso: 1432
22->19	path: 22 1 4 5 19 	Peso: 1469
22->20	path: 22 20 	Peso: 710
22->21	path: 22 20 21 	Peso: 1071
22->23	path: 22 23 	Peso: 313
22->24	path: 22 20 21 24 	Peso: 1363
22->25	path: 22 20 21 9 25 	Peso: 1610
22->26	path: 22 20 21 9 25 10 26 	Peso: 2345
23->0	path: 23 2 15 0 	Peso: 1839
23->1	path: 23 1 	Peso: 468
23->2	path: 23 2 	Peso: 786
23->3	path: 23 2 3 	Peso: 1176
23->4	path: 23 1 4 	Peso: 778
23->5	path: 23 1 4 5 	Peso: 1091
23->6	path: 23 2 17 18 6 	Peso: 1549
23->7	path: 23 2 17 18 6 7 	Peso: 2033
23->8	path: 23 22 8 	Peso: 1302
23->9	path: 23 1 20 21 9 	Peso: 1437
23->10	path: 23 1 4 5 19 10 	Peso: 1801
23->11	path: 23 2 17 18 6 7 11 	Peso: 3083
23->12	path: 23 22 8 12 	Peso: 1715
23->13	path: 23 1 20 21 9 13 	Peso: 1950
23->14	path: 23 1 4 5 19 10 14 	Peso: 2020
23->15	path: 23 2 15 	Peso: 1286
23->16	path: 23 2 3 16 	Peso: 1700
23->17	path: 23 2 17 	Peso: 1186
23->18	path: 23 2 17 18 	Peso: 1331
23->19	path: 23 1 4 5 19 	Peso: 1391
23->20	path: 23 1 20 	Peso: 819
23->21	path: 23 1 20 21 	Peso: 1180
23->22	path: 23 22 	Peso: 313
23->24	path: 23 1 20 21 24 	Peso: 1472
23->25	path: 23 1 20 21 9 25 	Peso: 1719
23->26	path: 23 1 4 5 19 10 26 	Peso: 2291
24->0	path: 24 21 20 4 2 15 0 	Peso: 2146
24->1	path: 24 21 20 1 	Peso: 1004
24->2	path: 24 21 20 4 2 	Peso: 1093
24->3	path: 24 21 5 17 3 	Peso: 1249
24->4	path: 24 21 20 4 	Peso: 827
24->5	path: 24 21 5 	Peso: 683
24->6	path: 24 9 19 6 	Peso: 1205
24->7	path: 24 9 25 10 7 	Peso: 1648
24->8	path: 24 8 	Peso: 491
24->9	path: 24 9 	Peso: 360
24->10	path: 24 9 25 10 	Peso: 887
24->11	path: 24 9 25 10 26 11 	Peso: 2177
24->12	path: 24 12 	Peso: 515
24->13	path: 24 9 13 	Peso: 873
24->14	path: 24 9 25 14 	Peso: 1083
24->15	path: 24 21 20 4 2 15 	Peso: 1593
24->16	path: 24 21 5 17 3 16 	Peso: 1773
24->17	path: 24 21 5 17 	Peso: 864
24->18	path: 24 21 5 17 18 	Peso: 1009
24->19	path: 24 9 19 	Peso: 864
24->20	path: 24 21 20 	Peso: 653
24->21	path: 24 21 	Peso: 292
24->22	path: 24 21 20 22 	Peso: 1363
24->23	path: 24 21 20 1 23 	Peso: 1472
24->25	path: 24 9 25 	Peso: 642
24->26	path: 24 9 25 10 26 	Peso: 1377
25->0	path: 25 10 19 18 3 15 0 	Peso: 2209
25->1	path: 25 9 21 20 1 	Peso: 1251
25->2	path: 25 9 5 4 2 	Peso: 1279
25->3	path: 25 10 19 18 3 	Peso: 1224
25->4	path: 25 9 5 4 	Peso: 1013
25->5	path: 25 9 5 	Peso: 700
25->6	path: 25 10 6 	Peso: 865
25->7	path: 25 10 7 	Peso: 1006
25->8	path: 25 9 24 8 	Peso: 1133
25->9	path: 25 9 	Peso: 282
25->10	path: 25 10 	Peso: 245
25->11	path: 25 10 26 11 	Peso: 1535
25->12	path: 25 9 24 12 	Peso: 1157
25->13	path: 25 13 	Peso: 506
25->14	path: 25 14 	Peso: 441
25->15	path: 25 10 19 18 3 15 	Peso: 1656
25->16	path: 25 10 19 18 3 16 	Peso: 1748
25->17	path: 25 9 5 17 	Peso: 881
25->18	path: 25 10 19 18 	Peso: 894
25->19	path: 25 10 19 	Peso: 655
25->20	path: 25 9 21 20 	Peso: 900
25->21	path: 25 9 21 	Peso: 539
25->22	path: 25 9 21 20 22 	Peso: 1610
25->23	path: 25 9 21 20 1 23 	Peso: 1719
25->24	path: 25 9 24 	Peso: 642
25->26	path: 25 10 26 	Peso: 735
26->0	path: 26 10 19 18 3 15 0 	Peso: 2454
26->1	path: 26 10 19 5 4 1 	Peso: 1823
26->2	path: 26 10 19 18 17 2 	Peso: 1684
26->3	path: 26 10 19 18 3 	Peso: 1469
26->4	path: 26 10 19 5 4 	Peso: 1513
26->5	path: 26 10 19 5 	Peso: 1200
26->6	path: 26 10 6 	Peso: 1110
26->7	path: 26 7 	Peso: 720
26->8	path: 26 10 25 9 24 8 	Peso: 1868
26->9	path: 26 10 25 9 	Peso: 1017
26->10	path: 26 10 	Peso: 490
26->11	path: 26 11 	Peso: 800
26->12	path: 26 14 13 12 	Peso: 1672
26->13	path: 26 14 13 	Peso: 865
26->14	path: 26 14 	Peso: 315
26->15	path: 26 10 19 18 3 15 	Peso: 1901
26->16	path: 26 10 19 18 3 16 	Peso: 1993
26->17	path: 26 10 19 18 17 	Peso: 1284
26->18	path: 26 10 19 18 	Peso: 1139
26->19	path: 26 10 19 	Peso: 900
26->20	path: 26 10 25 9 21 20 	Peso: 1635
26->21	path: 26 10 25 9 21 	Peso: 1274
26->22	path: 26 10 25 9 21 20 22 	Peso: 2345
26->23	path: 26 10 19 5 4 1 23 	Peso: 2291
26->24	path: 26 10 25 9 24 	Peso: 1377
26->25	path: 26 10 25 	Peso: 735
Routes loaded at the domain level.

(CTraffic)::Traffic Type set to STATISTIC
(CTraffic)::No TRAFFIC_MATRIX defined: supposing UNIFORM distribution!!!
----------------------------------
-------- Traffic Matrix ----------
----------------------------------
0 1 1 1 1 1 1 1 1 1 1 1 1 1 1 1 1 1 1 1 1 1 1 1 1 1 1 
1 0 1 1 1 1 1 1 1 1 1 1 1 1 1 1 1 1 1 1 1 1 1 1 1 1 1 
1 1 0 1 1 1 1 1 1 1 1 1 1 1 1 1 1 1 1 1 1 1 1 1 1 1 1 
1 1 1 0 1 1 1 1 1 1 1 1 1 1 1 1 1 1 1 1 1 1 1 1 1 1 1 
1 1 1 1 0 1 1 1 1 1 1 1 1 1 1 1 1 1 1 1 1 1 1 1 1 1 1 
1 1 1 1 1 0 1 1 1 1 1 1 1 1 1 1 1 1 1 1 1 1 1 1 1 1 1 
1 1 1 1 1 1 0 1 1 1 1 1 1 1 1 1 1 1 1 1 1 1 1 1 1 1 1 
1 1 1 1 1 1 1 0 1 1 1 1 1 1 1 1 1 1 1 1 1 1 1 1 1 1 1 
1 1 1 1 1 1 1 1 0 1 1 1 1 1 1 1 1 1 1 1 1 1 1 1 1 1 1 
1 1 1 1 1 1 1 1 1 0 1 1 1 1 1 1 1 1 1 1 1 1 1 1 1 1 1 
1 1 1 1 1 1 1 1 1 1 0 1 1 1 1 1 1 1 1 1 1 1 1 1 1 1 1 
1 1 1 1 1 1 1 1 1 1 1 0 1 1 1 1 1 1 1 1 1 1 1 1 1 1 1 
1 1 1 1 1 1 1 1 1 1 1 1 0 1 1 1 1 1 1 1 1 1 1 1 1 1 1 
1 1 1 1 1 1 1 1 1 1 1 1 1 0 1 1 1 1 1 1 1 1 1 1 1 1 1 
1 1 1 1 1 1 1 1 1 1 1 1 1 1 0 1 1 1 1 1 1 1 1 1 1 1 1 
1 1 1 1 1 1 1 1 1 1 1 1 1 1 1 0 1 1 1 1 1 1 1 1 1 1 1 
1 1 1 1 1 1 1 1 1 1 1 1 1 1 1 1 0 1 1 1 1 1 1 1 1 1 1 
1 1 1 1 1 1 1 1 1 1 1 1 1 1 1 1 1 0 1 1 1 1 1 1 1 1 1 
1 1 1 1 1 1 1 1 1 1 1 1 1 1 1 1 1 1 0 1 1 1 1 1 1 1 1 
1 1 1 1 1 1 1 1 1 1 1 1 1 1 1 1 1 1 1 0 1 1 1 1 1 1 1 
1 1 1 1 1 1 1 1 1 1 1 1 1 1 1 1 1 1 1 1 0 1 1 1 1 1 1 
1 1 1 1 1 1 1 1 1 1 1 1 1 1 1 1 1 1 1 1 1 0 1 1 1 1 1 
1 1 1 1 1 1 1 1 1 1 1 1 1 1 1 1 1 1 1 1 1 1 0 1 1 1 1 
1 1 1 1 1 1 1 1 1 1 1 1 1 1 1 1 1 1 1 1 1 1 1 0 1 1 1 
1 1 1 1 1 1 1 1 1 1 1 1 1 1 1 1 1 1 1 1 1 1 1 1 0 1 1 
1 1 1 1 1 1 1 1 1 1 1 1 1 1 1 1 1 1 1 1 1 1 1 1 1 0 1 
1 1 1 1 1 1 1 1 1 1 1 1 1 1 1 1 1 1 1 1 1 1 1 1 1 1 0 
----------------------------------
(CTraffic)::First connection will be briefly generated
