#--- CStat::print_data() ---
#- Samples: 0
#- Out of range samples: 0
#- Min: 0
#- Max: 150
#- Bins: 150
#- Delta: 1
#- Average: -nan
0 0 -nan
1 0 -nan
2 0 -nan
3 0 -nan
4 0 -nan
5 0 -nan
6 0 -nan
7 0 -nan
8 0 -nan
9 0 -nan
10 0 -nan
11 0 -nan
12 0 -nan
13 0 -nan
14 0 -nan
15 0 -nan
16 0 -nan
17 0 -nan
18 0 -nan
19 0 -nan
20 0 -nan
21 0 -nan
22 0 -nan
23 0 -nan
24 0 -nan
25 0 -nan
26 0 -nan
27 0 -nan
28 0 -nan
29 0 -nan
30 0 -nan
31 0 -nan
32 0 -nan
33 0 -nan
34 0 -nan
35 0 -nan
36 0 -nan
37 0 -nan
38 0 -nan
39 0 -nan
40 0 -nan
41 0 -nan
42 0 -nan
43 0 -nan
44 0 -nan
45 0 -nan
46 0 -nan
47 0 -nan
48 0 -nan
49 0 -nan
50 0 -nan
51 0 -nan
52 0 -nan
53 0 -nan
54 0 -nan
55 0 -nan
56 0 -nan
57 0 -nan
58 0 -nan
59 0 -nan
60 0 -nan
61 0 -nan
62 0 -nan
63 0 -nan
64 0 -nan
65 0 -nan
66 0 -nan
67 0 -nan
68 0 -nan
69 0 -nan
70 0 -nan
71 0 -nan
72 0 -nan
73 0 -nan
74 0 -nan
75 0 -nan
76 0 -nan
77 0 -nan
78 0 -nan
79 0 -nan
80 0 -nan
81 0 -nan
82 0 -nan
83 0 -nan
84 0 -nan
85 0 -nan
86 0 -nan
87 0 -nan
88 0 -nan
89 0 -nan
90 0 -nan
91 0 -nan
92 0 -nan
93 0 -nan
94 0 -nan
95 0 -nan
96 0 -nan
97 0 -nan
98 0 -nan
99 0 -nan
100 0 -nan
101 0 -nan
102 0 -nan
103 0 -nan
104 0 -nan
105 0 -nan
106 0 -nan
107 0 -nan
108 0 -nan
109 0 -nan
110 0 -nan
111 0 -nan
112 0 -nan
113 0 -nan
114 0 -nan
115 0 -nan
116 0 -nan
117 0 -nan
118 0 -nan
119 0 -nan
120 0 -nan
121 0 -nan
122 0 -nan
123 0 -nan
124 0 -nan
125 0 -nan
126 0 -nan
127 0 -nan
128 0 -nan
129 0 -nan
130 0 -nan
131 0 -nan
132 0 -nan
133 0 -nan
134 0 -nan
135 0 -nan
136 0 -nan
137 0 -nan
138 0 -nan
139 0 -nan
140 0 -nan
141 0 -nan
142 0 -nan
143 0 -nan
144 0 -nan
145 0 -nan
146 0 -nan
147 0 -nan
148 0 -nan
149 0 -nan
